[0.091s] Invoking command in '/home/roboboat/RoboBoat_Cyber_Minority/ROS2_Imp/ros2_foxy/src/detector/build/detector': /usr/bin/cmake --build /home/roboboat/RoboBoat_Cyber_Minority/ROS2_Imp/ros2_foxy/src/detector/build/detector -- -j12 -l12
[0.139s] -- Found ament_cmake: 0.9.12 (/opt/ros/foxy/share/ament_cmake/cmake)
[0.172s] -- Found PythonInterp: /usr/bin/python3 (found suitable version "3.8.10", minimum required is "3") 
[0.172s] -- Using PYTHON_EXECUTABLE: /usr/bin/python3
[0.445s] -- Override CMake install command with custom implementation using symlinks instead of copying resources
[0.457s] -- Found rclcpp: 2.4.3 (/opt/ros/foxy/share/rclcpp/cmake)
[0.504s] -- Using all available rosidl_typesupport_c: rosidl_typesupport_fastrtps_c;rosidl_typesupport_introspection_c
[0.508s] -- Found rosidl_adapter: 1.3.1 (/opt/ros/foxy/share/rosidl_adapter/cmake)
[0.678s] -- Using all available rosidl_typesupport_cpp: rosidl_typesupport_fastrtps_cpp;rosidl_typesupport_introspection_cpp
[0.741s] -- Found rmw_implementation_cmake: 1.0.4 (/opt/ros/foxy/share/rmw_implementation_cmake/cmake)
[0.743s] -- Using RMW implementation 'rmw_fastrtps_cpp' as default
[0.917s] -- Found rosidl_default_generators: 1.0.1 (/opt/ros/foxy/share/rosidl_default_generators/cmake)
[0.945s] -- Found detector: 0.0.0 (/home/roboboat/RoboBoat_Cyber_Minority/ROS2_Imp/ros2_foxy/src/detector/install/detector/share/detector/cmake)
[0.991s] -- Found PythonInterp: /usr/bin/python3 (found version "3.8.10") 
[1.164s] Error parsing '/home/roboboat/RoboBoat_Cyber_Minority/ROS2_Imp/ros2_foxy/src/detector/package.xml':
[1.331s] Traceback (most recent call last):
[1.331s]   File "/opt/ros/foxy/share/ament_cmake_core/cmake/core/package_xml_2_cmake.py", line 143, in <module>
[1.331s]     main()
[1.332s]   File "/opt/ros/foxy/share/ament_cmake_core/cmake/core/package_xml_2_cmake.py", line 52, in main
[1.332s]     raise e
[1.332s]   File "/opt/ros/foxy/share/ament_cmake_core/cmake/core/package_xml_2_cmake.py", line 48, in main
[1.332s]     package = parse_package_string(
[1.333s]   File "/usr/lib/python3/dist-packages/catkin_pkg/package.py", line 788, in parse_package_string
[1.333s]     pkg.validate(warnings=warnings)
[1.333s]   File "/usr/lib/python3/dist-packages/catkin_pkg/package.py", line 330, in validate
[1.333s]     raise InvalidPackage('\n'.join(errors), self.filename)
[1.333s] catkin_pkg.package.InvalidPackage: Error(s) in package '/home/roboboat/RoboBoat_Cyber_Minority/ROS2_Imp/ros2_foxy/src/detector/package.xml':
[1.333s] The package "detector" must not "build_depend" on a package with the same name as this package
[1.334s] The package "detector" must not "build_export_depend" on a package with the same name as this package
[1.334s] The package "detector" must not "exec_depend" on a package with the same name as this package
[1.375s] CMake Error at /opt/ros/foxy/share/ament_cmake_core/cmake/core/ament_package_xml.cmake:94 (message):
[1.375s]   execute_process(/usr/bin/python3
[1.375s]   /opt/ros/foxy/share/ament_cmake_core/cmake/core/package_xml_2_cmake.py
[1.375s]   /home/roboboat/RoboBoat_Cyber_Minority/ROS2_Imp/ros2_foxy/src/detector/package.xml
[1.376s]   /home/roboboat/RoboBoat_Cyber_Minority/ROS2_Imp/ros2_foxy/src/detector/build/detector/ament_cmake_core/package.cmake)
[1.376s]   returned error code 1
[1.376s] Call Stack (most recent call first):
[1.376s]   /opt/ros/foxy/share/ament_cmake_core/cmake/core/ament_package_xml.cmake:49 (_ament_package_xml)
[1.377s]   /opt/ros/foxy/share/rosidl_cmake/cmake/rosidl_generate_interfaces.cmake:226 (ament_package_xml)
[1.377s]   CMakeLists.txt:29 (rosidl_generate_interfaces)
[1.377s] 
[1.377s] 
[1.379s] -- Configuring incomplete, errors occurred!
[1.379s] See also "/home/roboboat/RoboBoat_Cyber_Minority/ROS2_Imp/ros2_foxy/src/detector/build/detector/CMakeFiles/CMakeOutput.log".
[1.380s] See also "/home/roboboat/RoboBoat_Cyber_Minority/ROS2_Imp/ros2_foxy/src/detector/build/detector/CMakeFiles/CMakeError.log".
[1.405s] make: *** [Makefile:792: cmake_check_build_system] Error 1
[1.411s] Invoked command in '/home/roboboat/RoboBoat_Cyber_Minority/ROS2_Imp/ros2_foxy/src/detector/build/detector' returned '2': /usr/bin/cmake --build /home/roboboat/RoboBoat_Cyber_Minority/ROS2_Imp/ros2_foxy/src/detector/build/detector -- -j12 -l12
