[0.112s] Invoking command in '/home/roboboat/RoboBoat_Cyber_Minority/ROS2_Imp/ros2_foxy/src/detector/build/detector': CMAKE_PREFIX_PATH=${CMAKE_PREFIX_PATH}:/opt/ros/foxy /usr/bin/cmake --build /home/roboboat/RoboBoat_Cyber_Minority/ROS2_Imp/ros2_foxy/src/detector/build/detector -- -j12 -l12
[0.234s] -- Found ament_cmake: 0.9.12 (/opt/ros/foxy/share/ament_cmake/cmake)
[0.296s] -- Found PythonInterp: /usr/bin/python3 (found suitable version "3.8.10", minimum required is "3") 
[0.297s] -- Using PYTHON_EXECUTABLE: /usr/bin/python3
[0.616s] -- Override CMake install command with custom implementation using symlinks instead of copying resources
[0.650s] -- Found rclcpp: 2.4.3 (/opt/ros/foxy/share/rclcpp/cmake)
[0.722s] -- Using all available rosidl_typesupport_c: rosidl_typesupport_fastrtps_c;rosidl_typesupport_introspection_c
[0.729s] -- Found rosidl_adapter: 1.3.1 (/opt/ros/foxy/share/rosidl_adapter/cmake)
[0.971s] -- Using all available rosidl_typesupport_cpp: rosidl_typesupport_fastrtps_cpp;rosidl_typesupport_introspection_cpp
[1.061s] -- Found rmw_implementation_cmake: 1.0.4 (/opt/ros/foxy/share/rmw_implementation_cmake/cmake)
[1.064s] -- Using RMW implementation 'rmw_fastrtps_cpp' as default
[1.304s] -- Found rosidl_default_generators: 1.0.1 (/opt/ros/foxy/share/rosidl_default_generators/cmake)
[1.319s] -- Found main_control: 0.0.0 (/home/roboboat/RoboBoat_Cyber_Minority/ROS2_Imp/ros2_foxy/install/main_control/share/main_control/cmake)
[1.373s] -- Found PythonInterp: /usr/bin/python3 (found version "3.8.10") 
[1.585s] -- Found ament_cmake_ros: 0.9.2 (/opt/ros/foxy/share/ament_cmake_ros/cmake)
[1.761s] -- Using all available rosidl_typesupport_c: rosidl_typesupport_fastrtps_c;rosidl_typesupport_introspection_c
[1.776s] -- Using all available rosidl_typesupport_cpp: rosidl_typesupport_fastrtps_cpp;rosidl_typesupport_introspection_cpp
[1.812s] -- Found PythonInterp: /usr/bin/python3 (found suitable version "3.8.10", minimum required is "3.5") 
[1.820s] -- Found python_cmake_module: 0.8.1 (/opt/ros/foxy/share/python_cmake_module/cmake)
[1.879s] -- Using PYTHON_EXECUTABLE: /usr/bin/python3
[1.880s] -- Using PYTHON_INCLUDE_DIRS: /usr/include/python3.8
[1.880s] -- Using PYTHON_LIBRARIES: /usr/lib/aarch64-linux-gnu/libpython3.8.so
[1.921s] -- Found ament_lint_auto: 0.9.8 (/opt/ros/foxy/share/ament_lint_auto/cmake)
[1.953s] -- Configuring done
[2.033s] -- Generating done
[2.039s] -- Build files have been written to: /home/roboboat/RoboBoat_Cyber_Minority/ROS2_Imp/ros2_foxy/src/detector/build/detector
[2.119s] [  3%] Built target detector__cpp
[2.138s] [35m[1mScanning dependencies of target detector_node[0m
[2.142s] [ 12%] Built target detector__rosidl_generator_c
[2.157s] [ 30%] Built target detector__rosidl_typesupport_cpp
[2.157s] [ 30%] Built target detector__rosidl_typesupport_introspection_cpp
[2.161s] [ 39%] Built target detector__rosidl_typesupport_fastrtps_cpp
[2.176s] [ 51%] [32mBuilding CXX object CMakeFiles/detector_node.dir/src/detector_node.cpp.o[0m
[2.177s] [ 57%] Built target detector__rosidl_typesupport_c
[2.177s] [ 60%] Built target detector__rosidl_typesupport_introspection_c
[2.201s] [ 69%] Built target detector__rosidl_typesupport_fastrtps_c
[2.242s] [ 69%] Built target detector
[2.280s] [ 72%] Built target detector__py
[2.324s] [ 78%] Built target detector__python
[2.366s] [ 96%] Built target detector__rosidl_typesupport_c__pyext
[2.366s] [ 96%] Built target detector__rosidl_typesupport_fastrtps_c__pyext
[2.366s] [ 96%] Built target detector__rosidl_typesupport_introspection_c__pyext
[2.410s] [01m[K/home/roboboat/RoboBoat_Cyber_Minority/ROS2_Imp/ros2_foxy/src/detector/src/detector_node.cpp:11:10:[m[K [01;31m[Kfatal error: [m[Kdetector/msg/my_custom_msg_detector.hpp: No such file or directory
[2.410s]    11 | #include [01;31m[K"detector/msg/my_custom_msg_detector.hpp"[m[K
[2.411s]       |          [01;31m[K^~~~~~~~~~~~~~~~~~~~~~~~~~~~~~~~~~~~~~~~~[m[K
[2.411s] compilation terminated.
[2.414s] make[2]: *** [CMakeFiles/detector_node.dir/build.make:63: CMakeFiles/detector_node.dir/src/detector_node.cpp.o] Error 1
[2.415s] make[1]: *** [CMakeFiles/Makefile2:263: CMakeFiles/detector_node.dir/all] Error 2
[2.415s] make: *** [Makefile:141: all] Error 2
[2.418s] Invoked command in '/home/roboboat/RoboBoat_Cyber_Minority/ROS2_Imp/ros2_foxy/src/detector/build/detector' returned '2': CMAKE_PREFIX_PATH=${CMAKE_PREFIX_PATH}:/opt/ros/foxy /usr/bin/cmake --build /home/roboboat/RoboBoat_Cyber_Minority/ROS2_Imp/ros2_foxy/src/detector/build/detector -- -j12 -l12
