[0.107s] Invoking command in '/home/roboboat/RoboBoat_Cyber_Minority/ROS2_Imp/ros2_foxy/src/detector/build/detector': CMAKE_PREFIX_PATH=${CMAKE_PREFIX_PATH}:/home/roboboat/ros2_ws/install/Motorcontroller:/opt/ros/foxy /usr/bin/cmake --build /home/roboboat/RoboBoat_Cyber_Minority/ROS2_Imp/ros2_foxy/src/detector/build/detector -- -j12 -l12
[0.185s] [35m[1mScanning dependencies of target detector_node[0m
[0.200s] [ 12%] Built target detector__cpp
[0.201s] [ 12%] Built target detector__rosidl_generator_c
[0.226s] [ 15%] [32mBuilding CXX object CMakeFiles/detector_node.dir/src/detector_node.cpp.o[0m
[0.237s] [ 33%] Built target detector__rosidl_typesupport_cpp
[0.237s] [ 33%] Built target detector__rosidl_typesupport_introspection_cpp
[0.241s] [ 42%] Built target detector__rosidl_typesupport_fastrtps_cpp
[0.274s] [ 60%] Built target detector__rosidl_typesupport_c
[0.274s] [ 60%] Built target detector__rosidl_typesupport_introspection_c
[0.279s] [ 69%] Built target detector__rosidl_typesupport_fastrtps_c
[0.318s] [ 69%] Built target detector
[0.353s] [ 72%] Built target detector__py
[0.399s] [ 78%] Built target detector__python
[0.442s] [ 96%] Built target detector__rosidl_typesupport_c__pyext
[0.443s] [ 96%] Built target detector__rosidl_typesupport_introspection_c__pyext
[0.443s] [ 96%] Built target detector__rosidl_typesupport_fastrtps_c__pyext
[2.219s] [01m[K/home/roboboat/RoboBoat_Cyber_Minority/ROS2_Imp/ros2_foxy/src/detector/src/detector_node.cpp:[m[K In member function â€˜[01m[Kvoid DetectorPublisherNode::publishDetectorData()[m[Kâ€™:
[2.219s] [01m[K/home/roboboat/RoboBoat_Cyber_Minority/ROS2_Imp/ros2_foxy/src/detector/src/detector_node.cpp:21:13:[m[K [01;31m[Kerror: [m[Kinvalid use of member function â€˜[01m[Kconst _CharT* std::__cxx11::basic_string<_CharT, _Traits, _Alloc>::data() const [with _CharT = char; _Traits = std::char_traits<char>; _Alloc = std::allocator<char>][m[Kâ€™ (did you forget the â€˜[01m[K()[m[Kâ€™ ?)
[2.220s]    21 |         [01;31m[Kmsg.data[m[K = data;
[2.220s]       |         [01;31m[K~~~~^~~~[m[K
[2.220s]       |                 [32m[K()[m[K
[2.230s] In file included from [01m[K/opt/ros/foxy/include/rclcpp/client.hpp:40[m[K,
[2.230s]                  from [01m[K/opt/ros/foxy/include/rclcpp/callback_group.hpp:23[m[K,
[2.230s]                  from [01m[K/opt/ros/foxy/include/rclcpp/any_executable.hpp:20[m[K,
[2.230s]                  from [01m[K/opt/ros/foxy/include/rclcpp/memory_strategy.hpp:24[m[K,
[2.230s]                  from [01m[K/opt/ros/foxy/include/rclcpp/memory_strategies.hpp:18[m[K,
[2.231s]                  from [01m[K/opt/ros/foxy/include/rclcpp/executor_options.hpp:20[m[K,
[2.231s]                  from [01m[K/opt/ros/foxy/include/rclcpp/executor.hpp:33[m[K,
[2.231s]                  from [01m[K/opt/ros/foxy/include/rclcpp/executors/multi_threaded_executor.hpp:26[m[K,
[2.231s]                  from [01m[K/opt/ros/foxy/include/rclcpp/executors.hpp:21[m[K,
[2.231s]                  from [01m[K/opt/ros/foxy/include/rclcpp/rclcpp.hpp:146[m[K,
[2.232s]                  from [01m[K/home/roboboat/RoboBoat_Cyber_Minority/ROS2_Imp/ros2_foxy/src/detector/src/detector_node.cpp:1[m[K:
[2.232s] [01m[K/home/roboboat/RoboBoat_Cyber_Minority/ROS2_Imp/ros2_foxy/src/detector/src/detector_node.cpp:23:56:[m[K [01;31m[Kerror: [m[Kinvalid use of member function â€˜[01m[Kconst _CharT* std::__cxx11::basic_string<_CharT, _Traits, _Alloc>::data() const [with _CharT = char; _Traits = std::char_traits<char>; _Alloc = std::allocator<char>][m[Kâ€™ (did you forget the â€˜[01m[K()[m[Kâ€™ ?)
[2.232s]    23 |         RCLCPP_INFO(get_logger(), "Published: %s", [01;31m[Kmsg.data[m[K.c_str());
[2.232s]       |                                                    [01;31m[K~~~~^~~~[m[K
[3.748s] make[2]: *** [CMakeFiles/detector_node.dir/build.make:63: CMakeFiles/detector_node.dir/src/detector_node.cpp.o] Error 1
[3.749s] make[1]: *** [CMakeFiles/Makefile2:155: CMakeFiles/detector_node.dir/all] Error 2
[3.749s] make: *** [Makefile:141: all] Error 2
[3.756s] Invoked command in '/home/roboboat/RoboBoat_Cyber_Minority/ROS2_Imp/ros2_foxy/src/detector/build/detector' returned '2': CMAKE_PREFIX_PATH=${CMAKE_PREFIX_PATH}:/home/roboboat/ros2_ws/install/Motorcontroller:/opt/ros/foxy /usr/bin/cmake --build /home/roboboat/RoboBoat_Cyber_Minority/ROS2_Imp/ros2_foxy/src/detector/build/detector -- -j12 -l12
