[0.099s] Invoking command in '/home/roboboat/RoboBoat_Cyber_Minority/ROS2_Imp/ros2_foxy/src/detector/build/detector': CMAKE_PREFIX_PATH=${CMAKE_PREFIX_PATH}:/home/roboboat/ros2_ws/install/Motorcontroller:/opt/ros/foxy /usr/bin/cmake /home/roboboat/RoboBoat_Cyber_Minority/ROS2_Imp/ros2_foxy/src/detector -DCMAKE_INSTALL_PREFIX=/home/roboboat/RoboBoat_Cyber_Minority/ROS2_Imp/ros2_foxy/src/detector/install/detector
[0.188s] -- The C compiler identification is GNU 9.4.0
[0.274s] -- The CXX compiler identification is GNU 9.4.0
[0.280s] -- Check for working C compiler: /usr/bin/cc
[0.397s] -- Check for working C compiler: /usr/bin/cc -- works
[0.398s] -- Detecting C compiler ABI info
[0.523s] -- Detecting C compiler ABI info - done
[0.550s] -- Detecting C compile features
[0.551s] -- Detecting C compile features - done
[0.556s] -- Check for working CXX compiler: /usr/bin/c++
[0.717s] -- Check for working CXX compiler: /usr/bin/c++ -- works
[0.718s] -- Detecting CXX compiler ABI info
[0.846s] -- Detecting CXX compiler ABI info - done
[0.882s] -- Detecting CXX compile features
[0.884s] -- Detecting CXX compile features - done
[0.891s] -- Found ament_cmake: 0.9.12 (/opt/ros/foxy/share/ament_cmake/cmake)
[0.937s] -- Found PythonInterp: /usr/bin/python3 (found suitable version "3.8.10", minimum required is "3") 
[0.937s] -- Using PYTHON_EXECUTABLE: /usr/bin/python3
[1.270s] -- Found rclcpp: 2.4.3 (/opt/ros/foxy/share/rclcpp/cmake)
[1.338s] -- Using all available rosidl_typesupport_c: rosidl_typesupport_fastrtps_c;rosidl_typesupport_introspection_c
[1.350s] -- Found rosidl_adapter: 1.3.1 (/opt/ros/foxy/share/rosidl_adapter/cmake)
[1.507s] -- Found OpenSSL: /usr/lib/aarch64-linux-gnu/libcrypto.so (found version "1.1.1f")  
[1.550s] -- Found FastRTPS: /opt/ros/foxy/include  
[1.665s] -- Using all available rosidl_typesupport_cpp: rosidl_typesupport_fastrtps_cpp;rosidl_typesupport_introspection_cpp
[1.741s] -- Found rmw_implementation_cmake: 1.0.4 (/opt/ros/foxy/share/rmw_implementation_cmake/cmake)
[1.744s] -- Using RMW implementation 'rmw_fastrtps_cpp' as default
[1.745s] -- Looking for pthread.h
[1.870s] -- Looking for pthread.h - found
[1.870s] -- Performing Test CMAKE_HAVE_LIBC_PTHREAD
[2.016s] -- Performing Test CMAKE_HAVE_LIBC_PTHREAD - Failed
[2.017s] -- Looking for pthread_create in pthreads
[2.143s] -- Looking for pthread_create in pthreads - not found
[2.143s] -- Looking for pthread_create in pthread
[2.260s] -- Looking for pthread_create in pthread - found
[2.262s] -- Found Threads: TRUE  
[2.474s] -- Found ament_lint_auto: 0.9.8 (/opt/ros/foxy/share/ament_lint_auto/cmake)
[2.594s] -- Added test 'cppcheck' to perform static code analysis on C / C++ code
[2.594s] -- Configured cppcheck include dirs: /home/roboboat/RoboBoat_Cyber_Minority/ROS2_Imp/ros2_foxy/src/detector/include
[2.594s] -- Configured cppcheck exclude dirs and/or files: 
[2.596s] -- Added test 'flake8' to check Python code syntax and style conventions
[2.598s] -- Added test 'lint_cmake' to check CMake code style
[2.599s] -- Added test 'pep257' to check Python code against some of the style conventions in PEP 257
[2.605s] -- Added test 'uncrustify' to check C / C++ code style
[2.605s] -- Configured uncrustify additional arguments: 
[2.607s] -- Added test 'xmllint' to check XML markup files
[2.613s] -- Configuring done
[2.622s] -- Generating done
[2.625s] -- Build files have been written to: /home/roboboat/RoboBoat_Cyber_Minority/ROS2_Imp/ros2_foxy/src/detector/build/detector
[2.653s] Invoked command in '/home/roboboat/RoboBoat_Cyber_Minority/ROS2_Imp/ros2_foxy/src/detector/build/detector' returned '0': CMAKE_PREFIX_PATH=${CMAKE_PREFIX_PATH}:/home/roboboat/ros2_ws/install/Motorcontroller:/opt/ros/foxy /usr/bin/cmake /home/roboboat/RoboBoat_Cyber_Minority/ROS2_Imp/ros2_foxy/src/detector -DCMAKE_INSTALL_PREFIX=/home/roboboat/RoboBoat_Cyber_Minority/ROS2_Imp/ros2_foxy/src/detector/install/detector
[2.658s] Invoking command in '/home/roboboat/RoboBoat_Cyber_Minority/ROS2_Imp/ros2_foxy/src/detector/build/detector': CMAKE_PREFIX_PATH=${CMAKE_PREFIX_PATH}:/home/roboboat/ros2_ws/install/Motorcontroller:/opt/ros/foxy /usr/bin/cmake --build /home/roboboat/RoboBoat_Cyber_Minority/ROS2_Imp/ros2_foxy/src/detector/build/detector -- -j12 -l12
[2.733s] [35m[1mScanning dependencies of target detector_node[0m
[2.787s] [ 50%] [32mBuilding CXX object CMakeFiles/detector_node.dir/src/detector_node.cpp.o[0m
[4.752s] [01m[K/home/roboboat/RoboBoat_Cyber_Minority/ROS2_Imp/ros2_foxy/src/detector/src/detector_node.cpp:[m[K In function â€˜[01m[Kvoid publishDetectorData()[m[Kâ€™:
[4.753s] [01m[K/home/roboboat/RoboBoat_Cyber_Minority/ROS2_Imp/ros2_foxy/src/detector/src/detector_node.cpp:21:45:[m[K [01;31m[Kerror: [m[Kâ€˜[01m[Kbig_brain[m[Kâ€™ was not declared in this scope
[4.753s]    21 |     auto publisher = node->create_publisher<[01;31m[Kbig_brain[m[K::msg::YOLOv5Detection>("detection", 10);
[4.753s]       |                                             [01;31m[K^~~~~~~~~[m[K
[4.753s] [01m[K/home/roboboat/RoboBoat_Cyber_Minority/ROS2_Imp/ros2_foxy/src/detector/src/detector_node.cpp:21:28:[m[K [01;31m[Kerror: [m[Kparse error in template argument list
[4.753s]    21 |     auto publisher = node->[01;31m[Kcreate_publisher<big_brain::msg::YOLOv5Detection>[m[K("detection", 10);
[4.753s]       |                            [01;31m[K^~~~~~~~~~~~~~~~~~~~~~~~~~~~~~~~~~~~~~~~~~~~~~~~~[m[K
[4.753s] [01m[K/home/roboboat/RoboBoat_Cyber_Minority/ROS2_Imp/ros2_foxy/src/detector/src/detector_node.cpp:21:93:[m[K [01;31m[Kerror: [m[Kno matching function for call to â€˜[01m[Krclcpp::Node::create_publisher<<expression error> >(const char [10], int)[m[Kâ€™
[4.754s]    21 | te_publisher<big_brain::msg::YOLOv5Detection>("detection", 10[01;31m[K)[m[K;
[4.754s]       |                                                              [01;31m[K^[m[K
[4.754s] 
[4.754s] In file included from [01m[K/opt/ros/foxy/include/rclcpp/executors/single_threaded_executor.hpp:28[m[K,
[4.754s]                  from [01m[K/opt/ros/foxy/include/rclcpp/executors.hpp:22[m[K,
[4.754s]                  from [01m[K/opt/ros/foxy/include/rclcpp/rclcpp.hpp:146[m[K,
[4.754s]                  from [01m[K/home/roboboat/RoboBoat_Cyber_Minority/ROS2_Imp/ros2_foxy/src/detector/src/detector_node.cpp:1[m[K:
[4.754s] [01m[K/opt/ros/foxy/include/rclcpp/node.hpp:184:3:[m[K [01;36m[Knote: [m[Kcandidate: â€˜[01m[Ktemplate<class MessageT, class AllocatorT, class PublisherT> std::shared_ptr<PublisherT> rclcpp::Node::create_publisher(const string&, const rclcpp::QoS&, const rclcpp::PublisherOptionsWithAllocator<AllocatorT>&)[m[Kâ€™
[4.754s]   184 |   [01;36m[Kcreate_publisher[m[K(
[4.754s]       |   [01;36m[K^~~~~~~~~~~~~~~~[m[K
[4.754s] [01m[K/opt/ros/foxy/include/rclcpp/node.hpp:184:3:[m[K [01;36m[Knote: [m[K  template argument deduction/substitution failed:
[4.754s] [01m[K/home/roboboat/RoboBoat_Cyber_Minority/ROS2_Imp/ros2_foxy/src/detector/src/detector_node.cpp:21:93:[m[K [01;31m[Kerror: [m[Ktemplate argument 1 is invalid
[4.755s]    21 | te_publisher<big_brain::msg::YOLOv5Detection>("detection", 10[01;31m[K)[m[K;
[4.755s]       |                                                              [01;31m[K^[m[K
[4.755s] 
[4.755s] [01m[K/home/roboboat/RoboBoat_Cyber_Minority/ROS2_Imp/ros2_foxy/src/detector/src/detector_node.cpp:25:29:[m[K [01;31m[Kerror: [m[Kparse error in template argument list
[4.755s]    25 |         auto message = std::[01;31m[Kmake_unique<big_brain::msg::YOLOv5Detection>[m[K();
[4.755s]       |                             [01;31m[K^~~~~~~~~~~~~~~~~~~~~~~~~~~~~~~~~~~~~~~~~~~~[m[K
[4.755s] [01m[K/home/roboboat/RoboBoat_Cyber_Minority/ROS2_Imp/ros2_foxy/src/detector/src/detector_node.cpp:25:74:[m[K [01;31m[Kerror: [m[Kno matching function for call to â€˜[01m[Kmake_unique<big_brain>()[m[Kâ€™
[4.755s]    25 |         auto message = std::make_unique<big_brain::msg::YOLOv5Detection>([01;31m[K)[m[K;
[4.755s]       |                                                                          [01;31m[K^[m[K
[4.755s] In file included from [01m[K/usr/include/c++/9/memory:80[m[K,
[4.755s]                  from [01m[K/opt/ros/foxy/include/rclcpp/rclcpp.hpp:144[m[K,
[4.755s]                  from [01m[K/home/roboboat/RoboBoat_Cyber_Minority/ROS2_Imp/ros2_foxy/src/detector/src/detector_node.cpp:1[m[K:
[4.755s] [01m[K/usr/include/c++/9/bits/unique_ptr.h:856:5:[m[K [01;36m[Knote: [m[Kcandidate: â€˜[01m[Ktemplate<class _Tp, class ... _Args> typename std::_MakeUniq<_Tp>::__single_object std::make_unique(_Args&& ...)[m[Kâ€™
[4.756s]   856 |     [01;36m[Kmake_unique[m[K(_Args&&... __args)
[4.756s]       |     [01;36m[K^~~~~~~~~~~[m[K
[4.756s] [01m[K/usr/include/c++/9/bits/unique_ptr.h:856:5:[m[K [01;36m[Knote: [m[K  template argument deduction/substitution failed:
[4.756s] [01m[K/usr/include/c++/9/bits/unique_ptr.h:862:5:[m[K [01;36m[Knote: [m[Kcandidate: â€˜[01m[Ktemplate<class _Tp> typename std::_MakeUniq<_Tp>::__array std::make_unique(std::size_t)[m[Kâ€™
[4.756s]   862 |     [01;36m[Kmake_unique[m[K(size_t __num)
[4.756s]       |     [01;36m[K^~~~~~~~~~~[m[K
[4.756s] [01m[K/usr/include/c++/9/bits/unique_ptr.h:862:5:[m[K [01;36m[Knote: [m[K  template argument deduction/substitution failed:
[4.756s] [01m[K/usr/include/c++/9/bits/unique_ptr.h:868:5:[m[K [01;36m[Knote: [m[Kcandidate: â€˜[01m[Ktemplate<class _Tp, class ... _Args> typename std::_MakeUniq<_Tp>::__invalid_type std::make_unique(_Args&& ...)[m[Kâ€™ <deleted>
[4.757s]   868 |     [01;36m[Kmake_unique[m[K(_Args&&...) = delete;
[4.757s]       |     [01;36m[K^~~~~~~~~~~[m[K
[4.757s] [01m[K/usr/include/c++/9/bits/unique_ptr.h:868:5:[m[K [01;36m[Knote: [m[K  template argument deduction/substitution failed:
[4.757s] [01m[K/home/roboboat/RoboBoat_Cyber_Minority/ROS2_Imp/ros2_foxy/src/detector/src/detector_node.cpp:[m[K At global scope:
[4.757s] [01m[K/home/roboboat/RoboBoat_Cyber_Minority/ROS2_Imp/ros2_foxy/src/detector/src/detector_node.cpp:35:34:[m[K [01;31m[Kerror: [m[Kâ€˜[01m[Kbig_brain[m[Kâ€™ does not name a type
[4.757s]    35 | void subscribeDetectorData(const [01;31m[Kbig_brain[m[K::msg::YOLOv5Detection::SharedPtr msg) {
[4.757s]       |                                  [01;31m[K^~~~~~~~~[m[K
[4.757s] [01m[K/home/roboboat/RoboBoat_Cyber_Minority/ROS2_Imp/ros2_foxy/src/detector/src/detector_node.cpp:35:48:[m[K [01;31m[Kerror: [m[Kexpected unqualified-id before â€˜[01m[K::[m[Kâ€™ token
[4.757s]    35 | void subscribeDetectorData(const big_brain::msg[01;31m[K::[m[KYOLOv5Detection::SharedPtr msg) {
[4.757s]       |                                                [01;31m[K^~[m[K
[4.757s] [01m[K/home/roboboat/RoboBoat_Cyber_Minority/ROS2_Imp/ros2_foxy/src/detector/src/detector_node.cpp:35:48:[m[K [01;31m[Kerror: [m[Kexpected â€˜[01m[K)[m[Kâ€™ before â€˜[01m[K::[m[Kâ€™ token
[4.757s]    35 | void subscribeDetectorData[34m[K([m[Kconst big_brain::msg[01;31m[K:[m[K[32m[K:[m[KYOLOv5Detection::SharedPtr msg) {
[4.758s]       |                           [34m[K~[m[K                    [01;31m[K^[m[K[32m[K~[m[K
[4.758s]       |                                                [32m[K)[m[K
[4.758s] [01m[K/home/roboboat/RoboBoat_Cyber_Minority/ROS2_Imp/ros2_foxy/src/detector/src/detector_node.cpp:35:48:[m[K [01;31m[Kerror: [m[Kexpected initializer before â€˜[01m[K::[m[Kâ€™ token
[4.758s]    35 | void subscribeDetectorData(const big_brain::msg[01;31m[K::[m[KYOLOv5Detection::SharedPtr msg) {
[4.758s]       |                                                [01;31m[K^~[m[K
[4.761s] [01m[K/home/roboboat/RoboBoat_Cyber_Minority/ROS2_Imp/ros2_foxy/src/detector/src/detector_node.cpp:[m[K In function â€˜[01m[Kint main(int, char**)[m[Kâ€™:
[4.761s] [01m[K/home/roboboat/RoboBoat_Cyber_Minority/ROS2_Imp/ros2_foxy/src/detector/src/detector_node.cpp:45:51:[m[K [01;31m[Kerror: [m[Kâ€˜[01m[Kbig_brain[m[Kâ€™ was not declared in this scope
[4.761s]    45 |     auto subscription = node->create_subscription<[01;31m[Kbig_brain[m[K::msg::YOLOv5Detection>("detector", 10, publishDetectorData);
[4.762s]       |                                                   [01;31m[K^~~~~~~~~[m[K
[4.762s] [01m[K/home/roboboat/RoboBoat_Cyber_Minority/ROS2_Imp/ros2_foxy/src/detector/src/detector_node.cpp:45:31:[m[K [01;31m[Kerror: [m[Kparse error in template argument list
[4.762s]    45 |     auto subscription = node->[01;31m[Kcreate_subscription<big_brain::msg::YOLOv5Detection>[m[K("detector", 10, publishDetectorData);
[4.762s]       |                               [01;31m[K^~~~~~~~~~~~~~~~~~~~~~~~~~~~~~~~~~~~~~~~~~~~~~~~~~~~[m[K
[4.762s] [01m[K/home/roboboat/RoboBoat_Cyber_Minority/ROS2_Imp/ros2_foxy/src/detector/src/detector_node.cpp:45:119:[m[K [01;31m[Kerror: [m[Kno matching function for call to â€˜[01m[Krclcpp::Node::create_subscription<<expression error> >(const char [9], int, void (&)())[m[Kâ€™
[4.762s]    45 | in::msg::YOLOv5Detection>("detector", 10, publishDetectorData[01;31m[K)[m[K;
[4.762s]       |                                                              [01;31m[K^[m[K
[4.762s] 
[4.762s] In file included from [01m[K/opt/ros/foxy/include/rclcpp/executors/single_threaded_executor.hpp:28[m[K,
[4.762s]                  from [01m[K/opt/ros/foxy/include/rclcpp/executors.hpp:22[m[K,
[4.762s]                  from [01m[K/opt/ros/foxy/include/rclcpp/rclcpp.hpp:146[m[K,
[4.762s]                  from [01m[K/home/roboboat/RoboBoat_Cyber_Minority/ROS2_Imp/ros2_foxy/src/detector/src/detector_node.cpp:1[m[K:
[4.763s] [01m[K/opt/ros/foxy/include/rclcpp/node.hpp:213:3:[m[K [01;36m[Knote: [m[Kcandidate: â€˜[01m[Ktemplate<class MessageT, class CallbackT, class AllocatorT, class CallbackMessageT, class SubscriptionT, class MessageMemoryStrategyT> std::shared_ptr<SubscriptionT> rclcpp::Node::create_subscription(const string&, const rclcpp::QoS&, CallbackT&&, const rclcpp::SubscriptionOptionsWithAllocator<AllocatorT>&, typename MessageMemoryStrategyT::SharedPtr)[m[Kâ€™
[4.763s]   213 |   [01;36m[Kcreate_subscription[m[K(
[4.763s]       |   [01;36m[K^~~~~~~~~~~~~~~~~~~[m[K
[4.763s] [01m[K/opt/ros/foxy/include/rclcpp/node.hpp:213:3:[m[K [01;36m[Knote: [m[K  template argument deduction/substitution failed:
[4.763s] [01m[K/home/roboboat/RoboBoat_Cyber_Minority/ROS2_Imp/ros2_foxy/src/detector/src/detector_node.cpp:45:119:[m[K [01;31m[Kerror: [m[Ktemplate argument 1 is invalid
[4.763s]    45 | in::msg::YOLOv5Detection>("detector", 10, publishDetectorData[01;31m[K)[m[K;
[4.763s]       |                                                              [01;31m[K^[m[K
[4.763s] 
[5.443s] make[2]: *** [CMakeFiles/detector_node.dir/build.make:63: CMakeFiles/detector_node.dir/src/detector_node.cpp.o] Error 1
[5.443s] make[1]: *** [CMakeFiles/Makefile2:78: CMakeFiles/detector_node.dir/all] Error 2
[5.444s] make: *** [Makefile:141: all] Error 2
[5.448s] Invoked command in '/home/roboboat/RoboBoat_Cyber_Minority/ROS2_Imp/ros2_foxy/src/detector/build/detector' returned '2': CMAKE_PREFIX_PATH=${CMAKE_PREFIX_PATH}:/home/roboboat/ros2_ws/install/Motorcontroller:/opt/ros/foxy /usr/bin/cmake --build /home/roboboat/RoboBoat_Cyber_Minority/ROS2_Imp/ros2_foxy/src/detector/build/detector -- -j12 -l12
