[35m[1mScanning dependencies of target detector_node[0m
[  9%] Built target detector__cpp
[ 12%] Built target detector__rosidl_generator_c
[ 15%] [32mBuilding CXX object CMakeFiles/detector_node.dir/src/detector_node.cpp.o[0m
[ 33%] Built target detector__rosidl_typesupport_cpp
[ 33%] Built target detector__rosidl_typesupport_introspection_cpp
[ 42%] Built target detector__rosidl_typesupport_c
[ 51%] Built target detector__rosidl_typesupport_fastrtps_cpp
[ 60%] Built target detector__rosidl_typesupport_introspection_c
[ 69%] Built target detector__rosidl_typesupport_fastrtps_c
[ 69%] Built target detector
[ 72%] Built target detector__py
[ 78%] Built target detector__python
[ 96%] Built target detector__rosidl_typesupport_fastrtps_c__pyext
[ 96%] Built target detector__rosidl_typesupport_introspection_c__pyext
[ 96%] Built target detector__rosidl_typesupport_c__pyext
[01m[K/home/roboboat/RoboBoat_Cyber_Minority/ROS2_Imp/ros2_foxy/src/detector/src/detector_node.cpp:[m[K In member function â€˜[01m[Kstd::string DetectorPublisherNode::executePythonScript()[m[Kâ€™:
[01m[K/home/roboboat/RoboBoat_Cyber_Minority/ROS2_Imp/ros2_foxy/src/detector/src/detector_node.cpp:39:33:[m[K [01;31m[Kerror: [m[Kexpected initializer before â€˜[01m[K==[m[Kâ€™ token
   39 |         std::string script_path [01;31m[K==[m[K "python3 ~/RoboBoat_Cyber_Minority/ROS2_Imp/ros2_foxy/src/detector/detector.py";
      |                                 [01;31m[K^~[m[K
[01m[K/home/roboboat/RoboBoat_Cyber_Minority/ROS2_Imp/ros2_foxy/src/detector/src/detector_node.cpp:40:31:[m[K [01;31m[Kerror: [m[Kâ€˜[01m[Kscript_path[m[Kâ€™ was not declared in this scope
   40 |         std::string command = [01;31m[Kscript_path[m[K + " --weights ~/RoboBoat_Cyber_Minority/Old_Sys/YOLOv5&Image_Tests/yolov5/exp13best.pt" + " --img_size 512" + " --conf_thres 0.1" + "--svo path/to/file.svo";
      |                               [01;31m[K^~~~~~~~~~~[m[K
make[2]: *** [CMakeFiles/detector_node.dir/build.make:63: CMakeFiles/detector_node.dir/src/detector_node.cpp.o] Error 1
make[1]: *** [CMakeFiles/Makefile2:263: CMakeFiles/detector_node.dir/all] Error 2
make: *** [Makefile:141: all] Error 2
