[0.093s] Invoking command in '/home/roboboat/RoboBoat_Cyber_Minority/ROS2_Imp/ros2_foxy/src/detector/build/detector': CMAKE_PREFIX_PATH=${CMAKE_PREFIX_PATH}:/opt/ros/foxy /usr/bin/cmake --build /home/roboboat/RoboBoat_Cyber_Minority/ROS2_Imp/ros2_foxy/src/detector/build/detector -- -j12 -l12
[0.163s] [35m[1mScanning dependencies of target detector_node[0m
[0.178s] [  9%] Built target detector__cpp
[0.178s] [ 12%] Built target detector__rosidl_generator_c
[0.201s] [ 15%] [32mBuilding CXX object CMakeFiles/detector_node.dir/src/detector_node.cpp.o[0m
[0.212s] [ 33%] Built target detector__rosidl_typesupport_cpp
[0.212s] [ 33%] Built target detector__rosidl_typesupport_introspection_cpp
[0.212s] [ 42%] Built target detector__rosidl_typesupport_c
[0.218s] [ 51%] Built target detector__rosidl_typesupport_fastrtps_cpp
[0.247s] [ 60%] Built target detector__rosidl_typesupport_introspection_c
[0.261s] [ 69%] Built target detector__rosidl_typesupport_fastrtps_c
[0.296s] [ 69%] Built target detector
[0.332s] [ 72%] Built target detector__py
[0.378s] [ 78%] Built target detector__python
[0.420s] [ 96%] Built target detector__rosidl_typesupport_fastrtps_c__pyext
[0.420s] [ 96%] Built target detector__rosidl_typesupport_introspection_c__pyext
[0.420s] [ 96%] Built target detector__rosidl_typesupport_c__pyext
[2.259s] [01m[K/home/roboboat/RoboBoat_Cyber_Minority/ROS2_Imp/ros2_foxy/src/detector/src/detector_node.cpp:[m[K In member function â€˜[01m[Kstd::string DetectorPublisherNode::executePythonScript()[m[Kâ€™:
[2.259s] [01m[K/home/roboboat/RoboBoat_Cyber_Minority/ROS2_Imp/ros2_foxy/src/detector/src/detector_node.cpp:39:33:[m[K [01;31m[Kerror: [m[Kexpected initializer before â€˜[01m[K==[m[Kâ€™ token
[2.259s]    39 |         std::string script_path [01;31m[K==[m[K "python3 ~/RoboBoat_Cyber_Minority/ROS2_Imp/ros2_foxy/src/detector/detector.py";
[2.260s]       |                                 [01;31m[K^~[m[K
[2.263s] [01m[K/home/roboboat/RoboBoat_Cyber_Minority/ROS2_Imp/ros2_foxy/src/detector/src/detector_node.cpp:40:31:[m[K [01;31m[Kerror: [m[Kâ€˜[01m[Kscript_path[m[Kâ€™ was not declared in this scope
[2.263s]    40 |         std::string command = [01;31m[Kscript_path[m[K + " --weights ~/RoboBoat_Cyber_Minority/Old_Sys/YOLOv5&Image_Tests/yolov5/exp13best.pt" + " --img_size 512" + " --conf_thres 0.1" + "--svo path/to/file.svo";
[2.263s]       |                               [01;31m[K^~~~~~~~~~~[m[K
[3.854s] make[2]: *** [CMakeFiles/detector_node.dir/build.make:63: CMakeFiles/detector_node.dir/src/detector_node.cpp.o] Error 1
[3.855s] make[1]: *** [CMakeFiles/Makefile2:263: CMakeFiles/detector_node.dir/all] Error 2
[3.856s] make: *** [Makefile:141: all] Error 2
[3.862s] Invoked command in '/home/roboboat/RoboBoat_Cyber_Minority/ROS2_Imp/ros2_foxy/src/detector/build/detector' returned '2': CMAKE_PREFIX_PATH=${CMAKE_PREFIX_PATH}:/opt/ros/foxy /usr/bin/cmake --build /home/roboboat/RoboBoat_Cyber_Minority/ROS2_Imp/ros2_foxy/src/detector/build/detector -- -j12 -l12
