[  6%] Built target detector__cpp
[ 12%] Built target detector__rosidl_generator_c
[ 15%] [32mBuilding CXX object CMakeFiles/detector_node.dir/src/detector_node.cpp.o[0m
[ 24%] [34m[1mGenerating C++ type support dispatch for ROS interfaces[0m
[ 24%] [34m[1mGenerating C++ introspection for ROS interfaces[0m
[ 24%] [34m[1mGenerating C++ type support for eProsima Fast-RTPS[0m
[01m[K/home/roboboat/RoboBoat_Cyber_Minority/ROS2_Imp/ros2_foxy/src/detector/src/detector_node.cpp:3:10:[m[K [01;31m[Kfatal error: [m[Kdetector/msg/YOLOv5helper.msg: No such file or directory
    3 | #include [01;31m[K"detector/msg/YOLOv5helper.msg"[m[K
      |          [01;31m[K^~~~~~~~~~~~~~~~~~~~~~~~~~~~~~~[m[K
compilation terminated.
make[2]: *** [CMakeFiles/detector_node.dir/build.make:63: CMakeFiles/detector_node.dir/src/detector_node.cpp.o] Error 1
make[1]: *** [CMakeFiles/Makefile2:155: CMakeFiles/detector_node.dir/all] Error 2
make[1]: *** Waiting for unfinished jobs....
[35m[1mScanning dependencies of target detector__rosidl_typesupport_cpp[0m
[ 27%] [32mBuilding CXX object CMakeFiles/detector__rosidl_typesupport_cpp.dir/rosidl_typesupport_cpp/detector/msg/yol_ov5helper__type_support.cpp.o[0m
[35m[1mScanning dependencies of target detector__rosidl_typesupport_introspection_cpp[0m
[35m[1mScanning dependencies of target detector__rosidl_typesupport_fastrtps_cpp[0m
[ 30%] [32mBuilding CXX object CMakeFiles/detector__rosidl_typesupport_introspection_cpp.dir/rosidl_typesupport_introspection_cpp/detector/msg/detail/yol_ov5helper__type_support.cpp.o[0m
[ 33%] [32mBuilding CXX object CMakeFiles/detector__rosidl_typesupport_fastrtps_cpp.dir/rosidl_typesupport_fastrtps_cpp/detector/msg/detail/dds_fastrtps/yol_ov5helper__type_support.cpp.o[0m
[ 36%] [32m[1mLinking CXX shared library libdetector__rosidl_typesupport_cpp.so[0m
[ 36%] Built target detector__rosidl_typesupport_cpp
[ 39%] [32m[1mLinking CXX shared library libdetector__rosidl_typesupport_introspection_cpp.so[0m
[ 39%] Built target detector__rosidl_typesupport_introspection_cpp
[ 42%] [32m[1mLinking CXX shared library libdetector__rosidl_typesupport_fastrtps_cpp.so[0m
[ 42%] Built target detector__rosidl_typesupport_fastrtps_cpp
make: *** [Makefile:141: all] Error 2
