[0.085s] Invoking command in '/home/roboboat/RoboBoat_Cyber_Minority/ROS2_Imp/ros2_foxy/src/detector/build/detector': CMAKE_PREFIX_PATH=${CMAKE_PREFIX_PATH}:/home/roboboat/ros2_ws/install/Motorcontroller:/opt/ros/foxy /usr/bin/cmake /home/roboboat/RoboBoat_Cyber_Minority/ROS2_Imp/ros2_foxy/src/detector -DAMENT_CMAKE_SYMLINK_INSTALL=1 -DCMAKE_INSTALL_PREFIX=/home/roboboat/RoboBoat_Cyber_Minority/ROS2_Imp/ros2_foxy/src/detector/install/detector
[0.205s] -- The C compiler identification is GNU 9.4.0
[0.301s] -- The CXX compiler identification is GNU 9.4.0
[0.321s] -- Check for working C compiler: /usr/bin/cc
[0.437s] -- Check for working C compiler: /usr/bin/cc -- works
[0.448s] -- Detecting C compiler ABI info
[0.576s] -- Detecting C compiler ABI info - done
[0.618s] -- Detecting C compile features
[0.619s] -- Detecting C compile features - done
[0.625s] -- Check for working CXX compiler: /usr/bin/c++
[0.759s] -- Check for working CXX compiler: /usr/bin/c++ -- works
[0.761s] -- Detecting CXX compiler ABI info
[0.895s] -- Detecting CXX compiler ABI info - done
[0.927s] -- Detecting CXX compile features
[0.928s] -- Detecting CXX compile features - done
[0.934s] -- Found ament_cmake: 0.9.12 (/opt/ros/foxy/share/ament_cmake/cmake)
[0.977s] -- Found PythonInterp: /usr/bin/python3 (found suitable version "3.8.10", minimum required is "3") 
[0.977s] -- Using PYTHON_EXECUTABLE: /usr/bin/python3
[1.246s] -- Override CMake install command with custom implementation using symlinks instead of copying resources
[1.323s] -- Found rclcpp: 2.4.3 (/opt/ros/foxy/share/rclcpp/cmake)
[1.407s] -- Using all available rosidl_typesupport_c: rosidl_typesupport_fastrtps_c;rosidl_typesupport_introspection_c
[1.425s] -- Found rosidl_adapter: 1.3.1 (/opt/ros/foxy/share/rosidl_adapter/cmake)
[1.651s] -- Found OpenSSL: /usr/lib/aarch64-linux-gnu/libcrypto.so (found version "1.1.1f")  
[1.699s] -- Found FastRTPS: /opt/ros/foxy/include  
[1.820s] -- Using all available rosidl_typesupport_cpp: rosidl_typesupport_fastrtps_cpp;rosidl_typesupport_introspection_cpp
[1.898s] -- Found rmw_implementation_cmake: 1.0.4 (/opt/ros/foxy/share/rmw_implementation_cmake/cmake)
[1.900s] -- Using RMW implementation 'rmw_fastrtps_cpp' as default
[1.912s] -- Looking for pthread.h
[2.062s] -- Looking for pthread.h - found
[2.062s] -- Performing Test CMAKE_HAVE_LIBC_PTHREAD
[2.206s] -- Performing Test CMAKE_HAVE_LIBC_PTHREAD - Failed
[2.206s] -- Looking for pthread_create in pthreads
[2.344s] -- Looking for pthread_create in pthreads - not found
[2.344s] -- Looking for pthread_create in pthread
[2.475s] -- Looking for pthread_create in pthread - found
[2.477s] -- Found Threads: TRUE  
[2.743s] -- Found rosidl_default_generators: 1.0.1 (/opt/ros/foxy/share/rosidl_default_generators/cmake)
[2.795s] -- Found PythonInterp: /usr/bin/python3 (found version "3.8.10") 
[2.979s] -- Found ament_cmake_ros: 0.9.2 (/opt/ros/foxy/share/ament_cmake_ros/cmake)
[3.134s] -- Using all available rosidl_typesupport_c: rosidl_typesupport_fastrtps_c;rosidl_typesupport_introspection_c
[3.146s] -- Using all available rosidl_typesupport_cpp: rosidl_typesupport_fastrtps_cpp;rosidl_typesupport_introspection_cpp
[3.183s] -- Found PythonInterp: /usr/bin/python3 (found suitable version "3.8.10", minimum required is "3.5") 
[3.186s] -- Found python_cmake_module: 0.8.1 (/opt/ros/foxy/share/python_cmake_module/cmake)
[3.235s] -- Found PythonLibs: /usr/lib/aarch64-linux-gnu/libpython3.8.so (found suitable version "3.8.10", minimum required is "3.5") 
[3.235s] -- Using PYTHON_EXECUTABLE: /usr/bin/python3
[3.236s] -- Using PYTHON_INCLUDE_DIRS: /usr/include/python3.8
[3.236s] -- Using PYTHON_LIBRARIES: /usr/lib/aarch64-linux-gnu/libpython3.8.so
[3.269s] -- Found PythonExtra: .so  
[3.494s] -- Found ament_lint_auto: 0.9.8 (/opt/ros/foxy/share/ament_lint_auto/cmake)
[3.537s] -- Added test 'cppcheck' to perform static code analysis on C / C++ code
[3.540s] -- Configured cppcheck include dirs: /home/roboboat/RoboBoat_Cyber_Minority/ROS2_Imp/ros2_foxy/src/detector/include/detector/msg;$<BUILD_INTERFACE:/home/roboboat/RoboBoat_Cyber_Minority/ROS2_Imp/ros2_foxy/src/detector/build/detector/rosidl_generator_c>;/home/roboboat/RoboBoat_Cyber_Minority/ROS2_Imp/ros2_foxy/src/detector/build/detector/rosidl_generator_c;/home/roboboat/RoboBoat_Cyber_Minority/ROS2_Imp/ros2_foxy/src/detector/build/detector/rosidl_generator_cpp;/home/roboboat/RoboBoat_Cyber_Minority/ROS2_Imp/ros2_foxy/src/detector/build/detector/rosidl_typesupport_fastrtps_c;/home/roboboat/RoboBoat_Cyber_Minority/ROS2_Imp/ros2_foxy/src/detector/build/detector/rosidl_typesupport_fastrtps_cpp;$<BUILD_INTERFACE:/home/roboboat/RoboBoat_Cyber_Minority/ROS2_Imp/ros2_foxy/src/detector/build/detector/rosidl_typesupport_introspection_c>;$<BUILD_INTERFACE:/home/roboboat/RoboBoat_Cyber_Minority/ROS2_Imp/ros2_foxy/src/detector/build/detector/rosidl_typesupport_c>;$<BUILD_INTERFACE:/home/roboboat/RoboBoat_Cyber_Minority/ROS2_Imp/ros2_foxy/src/detector/build/detector/rosidl_generator_cpp>;/home/roboboat/RoboBoat_Cyber_Minority/ROS2_Imp/ros2_foxy/src/detector/build/detector/rosidl_generator_py
[3.540s] -- Configured cppcheck exclude dirs and/or files: 
[3.542s] -- Added test 'flake8' to check Python code syntax and style conventions
[3.546s] -- Added test 'lint_cmake' to check CMake code style
[3.548s] -- Added test 'pep257' to check Python code against some of the style conventions in PEP 257
[3.559s] -- Added test 'uncrustify' to check C / C++ code style
[3.559s] -- Configured uncrustify additional arguments: 
[3.561s] -- Added test 'xmllint' to check XML markup files
[3.573s] -- Configuring done
[3.619s] -- Generating done
[3.636s] -- Build files have been written to: /home/roboboat/RoboBoat_Cyber_Minority/ROS2_Imp/ros2_foxy/src/detector/build/detector
[3.661s] Invoked command in '/home/roboboat/RoboBoat_Cyber_Minority/ROS2_Imp/ros2_foxy/src/detector/build/detector' returned '0': CMAKE_PREFIX_PATH=${CMAKE_PREFIX_PATH}:/home/roboboat/ros2_ws/install/Motorcontroller:/opt/ros/foxy /usr/bin/cmake /home/roboboat/RoboBoat_Cyber_Minority/ROS2_Imp/ros2_foxy/src/detector -DAMENT_CMAKE_SYMLINK_INSTALL=1 -DCMAKE_INSTALL_PREFIX=/home/roboboat/RoboBoat_Cyber_Minority/ROS2_Imp/ros2_foxy/src/detector/install/detector
[3.669s] Invoking command in '/home/roboboat/RoboBoat_Cyber_Minority/ROS2_Imp/ros2_foxy/src/detector/build/detector': CMAKE_PREFIX_PATH=${CMAKE_PREFIX_PATH}:/home/roboboat/ros2_ws/install/Motorcontroller:/opt/ros/foxy /usr/bin/cmake --build /home/roboboat/RoboBoat_Cyber_Minority/ROS2_Imp/ros2_foxy/src/detector/build/detector -- -j12 -l12
[3.743s] [  3%] [34m[1mGenerating C code for ROS interfaces[0m
[3.744s] [35m[1mScanning dependencies of target detector_node[0m
[3.744s] [35m[1mScanning dependencies of target detector__cpp[0m
[3.761s] [  6%] [34m[1mGenerating C++ code for ROS interfaces[0m
[3.797s] [  9%] [32mBuilding CXX object CMakeFiles/detector_node.dir/src/detector_node.cpp.o[0m
[3.926s] [01m[K/home/roboboat/RoboBoat_Cyber_Minority/ROS2_Imp/ros2_foxy/src/detector/src/detector_node.cpp:3:10:[m[K [01;31m[Kfatal error: [m[Kdetector/msg/YOLOv5helper.hpp: No such file or directory
[3.926s]     3 | #include [01;31m[K"detector/msg/YOLOv5helper.hpp"[m[K
[3.926s]       |          [01;31m[K^~~~~~~~~~~~~~~~~~~~~~~~~~~~~~~[m[K
[3.926s] compilation terminated.
[3.936s] make[2]: *** [CMakeFiles/detector_node.dir/build.make:63: CMakeFiles/detector_node.dir/src/detector_node.cpp.o] Error 1
[3.937s] make[1]: *** [CMakeFiles/Makefile2:155: CMakeFiles/detector_node.dir/all] Error 2
[3.937s] make[1]: *** Waiting for unfinished jobs....
[4.091s] [  9%] Built target detector__cpp
[4.091s] [35m[1mScanning dependencies of target detector__rosidl_generator_c[0m
[4.119s] [ 12%] [32mBuilding C object CMakeFiles/detector__rosidl_generator_c.dir/rosidl_generator_c/detector/msg/detail/yol_ov5helper__functions.c.o[0m
[4.207s] [ 15%] [32m[1mLinking C shared library libdetector__rosidl_generator_c.so[0m
[4.261s] [ 15%] Built target detector__rosidl_generator_c
[4.263s] make: *** [Makefile:141: all] Error 2
[4.268s] Invoked command in '/home/roboboat/RoboBoat_Cyber_Minority/ROS2_Imp/ros2_foxy/src/detector/build/detector' returned '2': CMAKE_PREFIX_PATH=${CMAKE_PREFIX_PATH}:/home/roboboat/ros2_ws/install/Motorcontroller:/opt/ros/foxy /usr/bin/cmake --build /home/roboboat/RoboBoat_Cyber_Minority/ROS2_Imp/ros2_foxy/src/detector/build/detector -- -j12 -l12
