[  9%] Built target detector__cpp
[ 12%] Built target detector__rosidl_generator_c
[ 30%] Built target detector__rosidl_typesupport_introspection_cpp
[ 30%] Built target detector__rosidl_typesupport_cpp
[ 39%] Built target detector__rosidl_typesupport_fastrtps_cpp
[ 57%] Built target detector__rosidl_typesupport_c
[ 57%] Built target detector__rosidl_typesupport_introspection_c
[ 66%] Built target detector__rosidl_typesupport_fastrtps_c
[ 66%] Built target detector
[ 69%] Built target detector__py
[ 72%] [32mBuilding CXX object CMakeFiles/detector_node.dir/src/detector_node.cpp.o[0m
[ 78%] Built target detector__python
[ 96%] Built target detector__rosidl_typesupport_introspection_c__pyext
[ 96%] Built target detector__rosidl_typesupport_fastrtps_c__pyext
[ 96%] Built target detector__rosidl_typesupport_c__pyext
[01m[K/home/roboboat/RoboBoat_Cyber_Minority/ROS2_Imp/ros2_foxy/src/detector/src/detector_node.cpp:3:10:[m[K [01;31m[Kfatal error: [m[Kdetector/msg/YOLOv5helper.hpp: No such file or directory
    3 | #include [01;31m[K"detector/msg/YOLOv5helper.hpp"[m[K
      |          [01;31m[K^~~~~~~~~~~~~~~~~~~~~~~~~~~~~~~[m[K
compilation terminated.
make[2]: *** [CMakeFiles/detector_node.dir/build.make:63: CMakeFiles/detector_node.dir/src/detector_node.cpp.o] Error 1
make[1]: *** [CMakeFiles/Makefile2:156: CMakeFiles/detector_node.dir/all] Error 2
make: *** [Makefile:141: all] Error 2
