[01m[K/home/roboboat/RoboBoat_Cyber_Minority/ROS2_Imp/ros2_foxy/src/detector/src/detector_node.cpp:[m[K In constructor â€˜[01m[KDetectorPublisherNode::DetectorPublisherNode()[m[Kâ€™:
[01m[K/home/roboboat/RoboBoat_Cyber_Minority/ROS2_Imp/ros2_foxy/src/detector/src/detector_node.cpp:13:36:[m[K [01;31m[Kerror: [m[Kunable to find numeric literal operator â€˜[01m[Koperator""ms[m[Kâ€™
   13 |         timer_ = create_wall_timer([01;31m[K1000ms[m[K,std::bind(&DetectorPublisherNode::publishDetectorData, this)
      |                                    [01;31m[K^~~~~~[m[K
make[2]: *** [CMakeFiles/detector_node.dir/build.make:63: CMakeFiles/detector_node.dir/src/detector_node.cpp.o] Error 1
make[1]: *** [CMakeFiles/Makefile2:78: CMakeFiles/detector_node.dir/all] Error 2
make: *** [Makefile:141: all] Error 2
