[0.000000] (-) TimerEvent: {}
[0.000549] (detector) JobQueued: {'identifier': 'detector', 'dependencies': OrderedDict()}
[0.001001] (detector) JobStarted: {'identifier': 'detector'}
[0.086874] (detector) JobProgress: {'identifier': 'detector', 'progress': 'cmake'}
[0.088036] (detector) JobProgress: {'identifier': 'detector', 'progress': 'build'}
[0.088999] (detector) Command: {'cmd': ['/usr/bin/cmake', '--build', '/home/roboboat/RoboBoat_Cyber_Minority/ROS2_Imp/ros2_foxy/src/detector/build/detector', '--', '-j12', '-l12'], 'cwd': '/home/roboboat/RoboBoat_Cyber_Minority/ROS2_Imp/ros2_foxy/src/detector/build/detector', 'env': OrderedDict([('GJS_DEBUG_TOPICS', 'JS ERROR;JS LOG'), ('LESSOPEN', '| /usr/bin/lesspipe %s'), ('USER', 'roboboat'), ('SSH_AGENT_PID', '2566'), ('XDG_SESSION_TYPE', 'x11'), ('SHLVL', '1'), ('LD_LIBRARY_PATH', '/home/roboboat/RoboBoat_Cyber_Minority/ROS2_Imp/ros2_foxy/install/main_control/lib:/home/roboboat/RoboBoat_Cyber_Minority/ROS2_Imp/ros2_foxy/install/detector/lib:/opt/ros/foxy/opt/yaml_cpp_vendor/lib:/opt/ros/foxy/opt/rviz_ogre_vendor/lib:/opt/ros/foxy/lib/aarch64-linux-gnu:/opt/ros/foxy/lib'), ('HOME', '/home/roboboat'), ('OLDPWD', '/home/roboboat/RoboBoat_Cyber_Minority/ROS2_Imp/ros2_foxy/src'), ('DESKTOP_SESSION', 'ubuntu'), ('ROS_PYTHON_VERSION', '3'), ('GNOME_SHELL_SESSION_MODE', 'ubuntu'), ('GTK_MODULES', 'gail:atk-bridge'), ('MANAGERPID', '1940'), ('DBUS_SESSION_BUS_ADDRESS', 'unix:path=/run/user/1000/bus'), ('COLORTERM', 'truecolor'), ('IM_CONFIG_PHASE', '1'), ('COLCON_PREFIX_PATH', '/home/roboboat/RoboBoat_Cyber_Minority/ROS2_Imp/ros2_foxy/install'), ('ROS_DISTRO', 'foxy'), ('LOGNAME', 'roboboat'), ('JOURNAL_STREAM', '7:54170'), ('_', '/usr/bin/colcon'), ('ROS_VERSION', '2'), ('XDG_SESSION_CLASS', 'user'), ('USERNAME', 'roboboat'), ('TERM', 'xterm-256color'), ('GNOME_DESKTOP_SESSION_ID', 'this-is-deprecated'), ('ROS_LOCALHOST_ONLY', '0'), ('WINDOWPATH', '2'), ('PATH', '/opt/ros/foxy/bin:/home/roboboat/.local/bin:/usr/local/sbin:/usr/local/bin:/usr/sbin:/usr/bin:/sbin:/bin:/usr/games:/usr/local/games:/snap/bin'), ('SESSION_MANAGER', 'local/roboboat-desktop:@/tmp/.ICE-unix/2628,unix/roboboat-desktop:/tmp/.ICE-unix/2628'), ('INVOCATION_ID', '9a8b1320fa6647128cfe6cb37f10777d'), ('XDG_MENU_PREFIX', 'gnome-'), ('GNOME_TERMINAL_SCREEN', '/org/gnome/Terminal/screen/bfdb1fac_f153_4fa4_86df_96edddebae8e'), ('XDG_RUNTIME_DIR', '/run/user/1000'), ('DISPLAY', ':0'), ('LANG', 'en_US.UTF-8'), ('XDG_CURRENT_DESKTOP', 'ubuntu:GNOME'), ('XMODIFIERS', '@im=ibus'), ('XDG_SESSION_DESKTOP', 'ubuntu'), ('XAUTHORITY', '/run/user/1000/gdm/Xauthority'), ('LS_COLORS', 'rs=0:di=01;34:ln=01;36:mh=00:pi=40;33:so=01;35:do=01;35:bd=40;33;01:cd=40;33;01:or=40;31;01:mi=00:su=37;41:sg=30;43:ca=30;41:tw=30;42:ow=34;42:st=37;44:ex=01;32:*.tar=01;31:*.tgz=01;31:*.arc=01;31:*.arj=01;31:*.taz=01;31:*.lha=01;31:*.lz4=01;31:*.lzh=01;31:*.lzma=01;31:*.tlz=01;31:*.txz=01;31:*.tzo=01;31:*.t7z=01;31:*.zip=01;31:*.z=01;31:*.dz=01;31:*.gz=01;31:*.lrz=01;31:*.lz=01;31:*.lzo=01;31:*.xz=01;31:*.zst=01;31:*.tzst=01;31:*.bz2=01;31:*.bz=01;31:*.tbz=01;31:*.tbz2=01;31:*.tz=01;31:*.deb=01;31:*.rpm=01;31:*.jar=01;31:*.war=01;31:*.ear=01;31:*.sar=01;31:*.rar=01;31:*.alz=01;31:*.ace=01;31:*.zoo=01;31:*.cpio=01;31:*.7z=01;31:*.rz=01;31:*.cab=01;31:*.wim=01;31:*.swm=01;31:*.dwm=01;31:*.esd=01;31:*.jpg=01;35:*.jpeg=01;35:*.mjpg=01;35:*.mjpeg=01;35:*.gif=01;35:*.bmp=01;35:*.pbm=01;35:*.pgm=01;35:*.ppm=01;35:*.tga=01;35:*.xbm=01;35:*.xpm=01;35:*.tif=01;35:*.tiff=01;35:*.png=01;35:*.svg=01;35:*.svgz=01;35:*.mng=01;35:*.pcx=01;35:*.mov=01;35:*.mpg=01;35:*.mpeg=01;35:*.m2v=01;35:*.mkv=01;35:*.webm=01;35:*.ogm=01;35:*.mp4=01;35:*.m4v=01;35:*.mp4v=01;35:*.vob=01;35:*.qt=01;35:*.nuv=01;35:*.wmv=01;35:*.asf=01;35:*.rm=01;35:*.rmvb=01;35:*.flc=01;35:*.avi=01;35:*.fli=01;35:*.flv=01;35:*.gl=01;35:*.dl=01;35:*.xcf=01;35:*.xwd=01;35:*.yuv=01;35:*.cgm=01;35:*.emf=01;35:*.ogv=01;35:*.ogx=01;35:*.aac=00;36:*.au=00;36:*.flac=00;36:*.m4a=00;36:*.mid=00;36:*.midi=00;36:*.mka=00;36:*.mp3=00;36:*.mpc=00;36:*.ogg=00;36:*.ra=00;36:*.wav=00;36:*.oga=00;36:*.opus=00;36:*.spx=00;36:*.xspf=00;36:'), ('GNOME_TERMINAL_SERVICE', ':1.82'), ('SSH_AUTH_SOCK', '/run/user/1000/keyring/ssh'), ('AMENT_PREFIX_PATH', '/home/roboboat/RoboBoat_Cyber_Minority/ROS2_Imp/ros2_foxy/install/main_control:/home/roboboat/RoboBoat_Cyber_Minority/ROS2_Imp/ros2_foxy/install/detector:/opt/ros/foxy'), ('SHELL', '/bin/bash'), ('QT_ACCESSIBILITY', '1'), ('GDMSESSION', 'ubuntu'), ('LESSCLOSE', '/usr/bin/lesspipe %s %s'), ('GPG_AGENT_INFO', '/run/user/1000/gnupg/S.gpg-agent:0:1'), ('GJS_DEBUG_OUTPUT', 'stderr'), ('QT_IM_MODULE', 'ibus'), ('PWD', '/home/roboboat/RoboBoat_Cyber_Minority/ROS2_Imp/ros2_foxy/src/detector/build/detector'), ('LC_ALL', 'en_US.UTF-8'), ('XDG_CONFIG_DIRS', '/etc/xdg/xdg-ubuntu:/etc/xdg'), ('XDG_DATA_DIRS', '/usr/share/ubuntu:/usr/local/share/:/usr/share/:/var/lib/snapd/desktop'), ('PYTHONPATH', '/home/roboboat/RoboBoat_Cyber_Minority/ROS2_Imp/ros2_foxy/install/main_control/lib/python3.8/site-packages:/home/roboboat/RoboBoat_Cyber_Minority/ROS2_Imp/ros2_foxy/install/detector/lib/python3.8/site-packages:/opt/ros/foxy/lib/python3.8/site-packages'), ('COLCON', '1'), ('VTE_VERSION', '6003'), ('CMAKE_PREFIX_PATH', '/home/roboboat/RoboBoat_Cyber_Minority/ROS2_Imp/ros2_foxy/install/main_control:/home/roboboat/RoboBoat_Cyber_Minority/ROS2_Imp/ros2_foxy/install/detector:/opt/ros/foxy')]), 'shell': False}
[0.099955] (-) TimerEvent: {}
[0.163753] (detector) StdoutLine: {'line': b'\x1b[35m\x1b[1mScanning dependencies of target detector_node\x1b[0m\n'}
[0.178939] (detector) StdoutLine: {'line': b'[  9%] Built target detector__cpp\n'}
[0.179426] (detector) StdoutLine: {'line': b'[ 12%] Built target detector__rosidl_generator_c\n'}
[0.200130] (-) TimerEvent: {}
[0.201764] (detector) StdoutLine: {'line': b'[ 15%] \x1b[32mBuilding CXX object CMakeFiles/detector_node.dir/src/detector_node.cpp.o\x1b[0m\n'}
[0.212944] (detector) StdoutLine: {'line': b'[ 33%] Built target detector__rosidl_typesupport_cpp\n'}
[0.213349] (detector) StdoutLine: {'line': b'[ 33%] Built target detector__rosidl_typesupport_introspection_cpp\n'}
[0.213531] (detector) StdoutLine: {'line': b'[ 42%] Built target detector__rosidl_typesupport_c\n'}
[0.219302] (detector) StdoutLine: {'line': b'[ 51%] Built target detector__rosidl_typesupport_fastrtps_cpp\n'}
[0.248325] (detector) StdoutLine: {'line': b'[ 60%] Built target detector__rosidl_typesupport_introspection_c\n'}
[0.261989] (detector) StdoutLine: {'line': b'[ 69%] Built target detector__rosidl_typesupport_fastrtps_c\n'}
[0.297071] (detector) StdoutLine: {'line': b'[ 69%] Built target detector\n'}
[0.300199] (-) TimerEvent: {}
[0.332613] (detector) StdoutLine: {'line': b'[ 72%] Built target detector__py\n'}
[0.379053] (detector) StdoutLine: {'line': b'[ 78%] Built target detector__python\n'}
[0.400393] (-) TimerEvent: {}
[0.420738] (detector) StdoutLine: {'line': b'[ 96%] Built target detector__rosidl_typesupport_fastrtps_c__pyext\n'}
[0.421166] (detector) StdoutLine: {'line': b'[ 96%] Built target detector__rosidl_typesupport_introspection_c__pyext\n'}
[0.421289] (detector) StdoutLine: {'line': b'[ 96%] Built target detector__rosidl_typesupport_c__pyext\n'}
[0.500614] (-) TimerEvent: {}
[0.601416] (-) TimerEvent: {}
[0.702196] (-) TimerEvent: {}
[0.803004] (-) TimerEvent: {}
[0.903788] (-) TimerEvent: {}
[1.004598] (-) TimerEvent: {}
[1.105418] (-) TimerEvent: {}
[1.206263] (-) TimerEvent: {}
[1.307139] (-) TimerEvent: {}
[1.407970] (-) TimerEvent: {}
[1.508802] (-) TimerEvent: {}
[1.609640] (-) TimerEvent: {}
[1.710483] (-) TimerEvent: {}
[1.811268] (-) TimerEvent: {}
[1.912064] (-) TimerEvent: {}
[2.012888] (-) TimerEvent: {}
[2.113716] (-) TimerEvent: {}
[2.214565] (-) TimerEvent: {}
[2.259224] (detector) StderrLine: {'line': b'\x1b[01m\x1b[K/home/roboboat/RoboBoat_Cyber_Minority/ROS2_Imp/ros2_foxy/src/detector/src/detector_node.cpp:\x1b[m\x1b[K In member function \xe2\x80\x98\x1b[01m\x1b[Kstd::string DetectorPublisherNode::executePythonScript()\x1b[m\x1b[K\xe2\x80\x99:\n'}
[2.259985] (detector) StderrLine: {'line': b'\x1b[01m\x1b[K/home/roboboat/RoboBoat_Cyber_Minority/ROS2_Imp/ros2_foxy/src/detector/src/detector_node.cpp:39:33:\x1b[m\x1b[K \x1b[01;31m\x1b[Kerror: \x1b[m\x1b[Kexpected initializer before \xe2\x80\x98\x1b[01m\x1b[K==\x1b[m\x1b[K\xe2\x80\x99 token\n'}
[2.260305] (detector) StderrLine: {'line': b'   39 |         std::string script_path \x1b[01;31m\x1b[K==\x1b[m\x1b[K "python3 ~/RoboBoat_Cyber_Minority/ROS2_Imp/ros2_foxy/src/detector/detector.py";\n'}
[2.260570] (detector) StderrLine: {'line': b'      |                                 \x1b[01;31m\x1b[K^~\x1b[m\x1b[K\n'}
[2.264045] (detector) StderrLine: {'line': b'\x1b[01m\x1b[K/home/roboboat/RoboBoat_Cyber_Minority/ROS2_Imp/ros2_foxy/src/detector/src/detector_node.cpp:40:31:\x1b[m\x1b[K \x1b[01;31m\x1b[Kerror: \x1b[m\x1b[K\xe2\x80\x98\x1b[01m\x1b[Kscript_path\x1b[m\x1b[K\xe2\x80\x99 was not declared in this scope\n'}
[2.264306] (detector) StderrLine: {'line': b'   40 |         std::string command = \x1b[01;31m\x1b[Kscript_path\x1b[m\x1b[K + " --weights ~/RoboBoat_Cyber_Minority/Old_Sys/YOLOv5&Image_Tests/yolov5/exp13best.pt" + " --img_size 512" + " --conf_thres 0.1" + "--svo path/to/file.svo";\n'}
[2.264529] (detector) StderrLine: {'line': b'      |                               \x1b[01;31m\x1b[K^~~~~~~~~~~\x1b[m\x1b[K\n'}
[2.314619] (-) TimerEvent: {}
[2.415221] (-) TimerEvent: {}
[2.516033] (-) TimerEvent: {}
[2.616843] (-) TimerEvent: {}
[2.717653] (-) TimerEvent: {}
[2.818438] (-) TimerEvent: {}
[2.919181] (-) TimerEvent: {}
[3.019969] (-) TimerEvent: {}
[3.120786] (-) TimerEvent: {}
[3.221604] (-) TimerEvent: {}
[3.322442] (-) TimerEvent: {}
[3.423255] (-) TimerEvent: {}
[3.524066] (-) TimerEvent: {}
[3.624882] (-) TimerEvent: {}
[3.725700] (-) TimerEvent: {}
[3.826517] (-) TimerEvent: {}
[3.855338] (detector) StderrLine: {'line': b'make[2]: *** [CMakeFiles/detector_node.dir/build.make:63: CMakeFiles/detector_node.dir/src/detector_node.cpp.o] Error 1\n'}
[3.855901] (detector) StderrLine: {'line': b'make[1]: *** [CMakeFiles/Makefile2:263: CMakeFiles/detector_node.dir/all] Error 2\n'}
[3.856917] (detector) StderrLine: {'line': b'make: *** [Makefile:141: all] Error 2\n'}
[3.863287] (detector) CommandEnded: {'returncode': 2}
[3.926689] (-) TimerEvent: {}
[4.027572] (-) TimerEvent: {}
[4.102511] (detector) JobEnded: {'identifier': 'detector', 'rc': 2}
[4.113194] (-) EventReactorShutdown: {}
