[01m[K/home/roboboat/RoboBoat_Cyber_Minority/ROS2_Imp/ros2_foxy/src/detector/src/detector_node.cpp:[m[K In function â€˜[01m[Kint main(int, char**)[m[Kâ€™:
[01m[K/home/roboboat/RoboBoat_Cyber_Minority/ROS2_Imp/ros2_foxy/src/detector/src/detector_node.cpp:70:17:[m[K [01;31m[Kerror: [m[Kâ€˜[01m[Krclcpp::logging[m[Kâ€™ has not been declared
   70 |         rclcpp::[01;31m[Klogging[m[K::config::file_log_config(log_config_file);
      |                 [01;31m[K^~~~~~~[m[K
make[2]: *** [CMakeFiles/detector_node.dir/build.make:63: CMakeFiles/detector_node.dir/src/detector_node.cpp.o] Error 1
make[1]: *** [CMakeFiles/Makefile2:263: CMakeFiles/detector_node.dir/all] Error 2
make: *** [Makefile:141: all] Error 2
