[0.104s] Invoking command in '/home/roboboat/RoboBoat_Cyber_Minority/ROS2_Imp/ros2_foxy/src/detector/build/detector': CMAKE_PREFIX_PATH=${CMAKE_PREFIX_PATH}:/opt/ros/foxy /usr/bin/cmake --build /home/roboboat/RoboBoat_Cyber_Minority/ROS2_Imp/ros2_foxy/src/detector/build/detector -- -j12 -l12
[0.175s] [35m[1mScanning dependencies of target detector_node[0m
[0.190s] [  6%] Built target detector__cpp
[0.190s] [ 12%] Built target detector__rosidl_generator_c
[0.214s] [ 15%] [32mBuilding CXX object CMakeFiles/detector_node.dir/src/detector_node.cpp.o[0m
[0.224s] [ 33%] Built target detector__rosidl_typesupport_introspection_cpp
[0.224s] [ 33%] Built target detector__rosidl_typesupport_cpp
[0.228s] [ 42%] Built target detector__rosidl_typesupport_fastrtps_cpp
[0.259s] [ 57%] Built target detector__rosidl_typesupport_c
[0.259s] [ 60%] Built target detector__rosidl_typesupport_introspection_c
[0.266s] [ 69%] Built target detector__rosidl_typesupport_fastrtps_c
[0.300s] [ 69%] Built target detector
[0.336s] [ 72%] Built target detector__py
[0.378s] [ 78%] Built target detector__python
[0.419s] [ 96%] Built target detector__rosidl_typesupport_c__pyext
[0.419s] [ 96%] Built target detector__rosidl_typesupport_fastrtps_c__pyext
[0.419s] [ 96%] Built target detector__rosidl_typesupport_introspection_c__pyext
[2.282s] [01m[K/home/roboboat/RoboBoat_Cyber_Minority/ROS2_Imp/ros2_foxy/src/detector/src/detector_node.cpp:[m[K In function â€˜[01m[Kint main(int, char**)[m[Kâ€™:
[2.282s] [01m[K/home/roboboat/RoboBoat_Cyber_Minority/ROS2_Imp/ros2_foxy/src/detector/src/detector_node.cpp:70:17:[m[K [01;31m[Kerror: [m[Kâ€˜[01m[Krclcpp::logging[m[Kâ€™ has not been declared
[2.283s]    70 |         rclcpp::[01;31m[Klogging[m[K::config::file_log_config(log_config_file);
[2.283s]       |                 [01;31m[K^~~~~~~[m[K
[3.890s] make[2]: *** [CMakeFiles/detector_node.dir/build.make:63: CMakeFiles/detector_node.dir/src/detector_node.cpp.o] Error 1
[3.890s] make[1]: *** [CMakeFiles/Makefile2:263: CMakeFiles/detector_node.dir/all] Error 2
[3.891s] make: *** [Makefile:141: all] Error 2
[3.896s] Invoked command in '/home/roboboat/RoboBoat_Cyber_Minority/ROS2_Imp/ros2_foxy/src/detector/build/detector' returned '2': CMAKE_PREFIX_PATH=${CMAKE_PREFIX_PATH}:/opt/ros/foxy /usr/bin/cmake --build /home/roboboat/RoboBoat_Cyber_Minority/ROS2_Imp/ros2_foxy/src/detector/build/detector -- -j12 -l12
