[0.125s] Invoking command in '/home/roboboat/RoboBoat_Cyber_Minority/ROS2_Imp/ros2_foxy/src/detector/build/detector': CMAKE_PREFIX_PATH=${CMAKE_PREFIX_PATH}:/home/roboboat/ros2_ws/install/Motorcontroller:/opt/ros/foxy /usr/bin/cmake --build /home/roboboat/RoboBoat_Cyber_Minority/ROS2_Imp/ros2_foxy/src/detector/build/detector -- -j12 -l12
[0.196s] [35m[1mScanning dependencies of target detector_node[0m
[0.213s] [  3%] Built target detector__cpp
[0.213s] [ 12%] Built target detector__rosidl_generator_c
[0.234s] [ 15%] [32mBuilding CXX object CMakeFiles/detector_node.dir/src/detector_node.cpp.o[0m
[0.249s] [ 33%] Built target detector__rosidl_typesupport_cpp
[0.249s] [ 33%] Built target detector__rosidl_typesupport_introspection_cpp
[0.252s] [ 42%] Built target detector__rosidl_typesupport_fastrtps_cpp
[0.284s] [ 60%] Built target detector__rosidl_typesupport_introspection_c
[0.284s] [ 60%] Built target detector__rosidl_typesupport_c
[0.293s] [ 69%] Built target detector__rosidl_typesupport_fastrtps_c
[0.329s] [ 69%] Built target detector
[0.363s] [ 72%] Built target detector__py
[0.380s] [35m[1mScanning dependencies of target detector__python[0m
[0.424s] [ 75%] [32mBuilding C object CMakeFiles/detector__python.dir/rosidl_generator_py/detector/msg/_yol_ov5helper_s.c.o[0m
[0.608s] [ 78%] [32m[1mLinking C shared library rosidl_generator_py/detector/libdetector__python.so[0m
[0.678s] [ 78%] Built target detector__python
[0.698s] [35m[1mScanning dependencies of target detector__rosidl_typesupport_c__pyext[0m
[0.699s] [35m[1mScanning dependencies of target detector__rosidl_typesupport_fastrtps_c__pyext[0m
[0.699s] [35m[1mScanning dependencies of target detector__rosidl_typesupport_introspection_c__pyext[0m
[0.733s] [ 87%] [32mBuilding C object CMakeFiles/detector__rosidl_typesupport_c__pyext.dir/rosidl_generator_py/detector/_detector_s.ep.rosidl_typesupport_c.c.o[0m
[0.733s] [ 87%] [32mBuilding C object CMakeFiles/detector__rosidl_typesupport_introspection_c__pyext.dir/rosidl_generator_py/detector/_detector_s.ep.rosidl_typesupport_introspection_c.c.o[0m
[0.734s] [ 87%] [32mBuilding C object CMakeFiles/detector__rosidl_typesupport_fastrtps_c__pyext.dir/rosidl_generator_py/detector/_detector_s.ep.rosidl_typesupport_fastrtps_c.c.o[0m
[0.851s] [ 90%] [32m[1mLinking C shared library rosidl_generator_py/detector/detector_s__rosidl_typesupport_c.cpython-38-aarch64-linux-gnu.so[0m
[0.851s] [ 93%] [32m[1mLinking CXX shared library rosidl_generator_py/detector/detector_s__rosidl_typesupport_fastrtps_c.cpython-38-aarch64-linux-gnu.so[0m
[0.851s] [ 96%] [32m[1mLinking C shared library rosidl_generator_py/detector/detector_s__rosidl_typesupport_introspection_c.cpython-38-aarch64-linux-gnu.so[0m
[0.903s] [ 96%] Built target detector__rosidl_typesupport_introspection_c__pyext
[0.907s] [ 96%] Built target detector__rosidl_typesupport_c__pyext
[0.937s] [ 96%] Built target detector__rosidl_typesupport_fastrtps_c__pyext
[2.274s] [01m[K/home/roboboat/RoboBoat_Cyber_Minority/ROS2_Imp/ros2_foxy/src/detector/src/detector_node.cpp:47:38:[m[K [01;31m[Kerror: [m[Kâ€˜[01m[Kstring[m[Kâ€™ is not a member of â€˜[01m[Kstd_msgs::msg[m[Kâ€™; did you mean â€˜[01m[KString[m[Kâ€™?
[2.274s]    47 |     rclcpp::Publisher<std_msgs::msg::[01;31m[Kstring[m[K>::SharedPtr publisher_;
[2.274s]       |                                      [01;31m[K^~~~~~[m[K
[2.274s]       |                                      [32m[KString[m[K
[2.274s] [01m[K/home/roboboat/RoboBoat_Cyber_Minority/ROS2_Imp/ros2_foxy/src/detector/src/detector_node.cpp:47:38:[m[K [01;31m[Kerror: [m[Kâ€˜[01m[Kstring[m[Kâ€™ is not a member of â€˜[01m[Kstd_msgs::msg[m[Kâ€™; did you mean â€˜[01m[KString[m[Kâ€™?
[2.274s]    47 |     rclcpp::Publisher<std_msgs::msg::[01;31m[Kstring[m[K>::SharedPtr publisher_;
[2.274s]       |                                      [01;31m[K^~~~~~[m[K
[2.275s]       |                                      [32m[KString[m[K
[2.275s] [01m[K/home/roboboat/RoboBoat_Cyber_Minority/ROS2_Imp/ros2_foxy/src/detector/src/detector_node.cpp:47:44:[m[K [01;31m[Kerror: [m[Ktemplate argument 1 is invalid
[2.275s]    47 |     rclcpp::Publisher<std_msgs::msg::string[01;31m[K>[m[K::SharedPtr publisher_;
[2.275s]       |                                            [01;31m[K^[m[K
[2.275s] [01m[K/home/roboboat/RoboBoat_Cyber_Minority/ROS2_Imp/ros2_foxy/src/detector/src/detector_node.cpp:47:47:[m[K [01;31m[Kerror: [m[Kexpected â€˜[01m[K;[m[Kâ€™ at end of member declaration
[2.275s]    47 |     rclcpp::Publisher<std_msgs::msg::string>::[01;31m[KSharedPtr[m[K publisher_;
[2.275s]       |                                               [01;31m[K^~~~~~~~~[m[K
[2.275s]       |                                                        [32m[K;[m[K
[2.277s] [01m[K/home/roboboat/RoboBoat_Cyber_Minority/ROS2_Imp/ros2_foxy/src/detector/src/detector_node.cpp:47:57:[m[K [01;31m[Kerror: [m[Kâ€˜[01m[Kpublisher_[m[Kâ€™ does not name a type; did you mean â€˜[01m[Krcl_publisher_t[m[Kâ€™?
[2.277s]    47 |     rclcpp::Publisher<std_msgs::msg::string>::SharedPtr [01;31m[Kpublisher_[m[K;
[2.278s]       |                                                         [01;31m[K^~~~~~~~~~[m[K
[2.278s]       |                                                         [32m[Krcl_publisher_t[m[K
[2.283s] [01m[K/home/roboboat/RoboBoat_Cyber_Minority/ROS2_Imp/ros2_foxy/src/detector/src/detector_node.cpp:[m[K In constructor â€˜[01m[KDetectorPublisherNode::DetectorPublisherNode()[m[Kâ€™:
[2.283s] [01m[K/home/roboboat/RoboBoat_Cyber_Minority/ROS2_Imp/ros2_foxy/src/detector/src/detector_node.cpp:13:9:[m[K [01;31m[Kerror: [m[Kâ€˜[01m[Kpublisher_[m[Kâ€™ was not declared in this scope; did you mean â€˜[01m[Krcl_publisher_t[m[Kâ€™?
[2.283s]    13 |         [01;31m[Kpublisher_[m[K = create_publisher<std_msgs::msg::string>("detector", 10);
[2.284s]       |         [01;31m[K^~~~~~~~~~[m[K
[2.284s]       |         [32m[Krcl_publisher_t[m[K
[2.284s] [01m[K/home/roboboat/RoboBoat_Cyber_Minority/ROS2_Imp/ros2_foxy/src/detector/src/detector_node.cpp:13:54:[m[K [01;31m[Kerror: [m[Kâ€˜[01m[Kstring[m[Kâ€™ is not a member of â€˜[01m[Kstd_msgs::msg[m[Kâ€™; did you mean â€˜[01m[KString[m[Kâ€™?
[2.284s]    13 |         publisher_ = create_publisher<std_msgs::msg::[01;31m[Kstring[m[K>("detector", 10);
[2.285s]       |                                                      [01;31m[K^~~~~~[m[K
[2.285s]       |                                                      [32m[KString[m[K
[2.285s] [01m[K/home/roboboat/RoboBoat_Cyber_Minority/ROS2_Imp/ros2_foxy/src/detector/src/detector_node.cpp:13:54:[m[K [01;31m[Kerror: [m[Kâ€˜[01m[Kstring[m[Kâ€™ is not a member of â€˜[01m[Kstd_msgs::msg[m[Kâ€™; did you mean â€˜[01m[KString[m[Kâ€™?
[2.285s]    13 |         publisher_ = create_publisher<std_msgs::msg::[01;31m[Kstring[m[K>("detector", 10);
[2.286s]       |                                                      [01;31m[K^~~~~~[m[K
[2.286s]       |                                                      [32m[KString[m[K
[2.286s] [01m[K/home/roboboat/RoboBoat_Cyber_Minority/ROS2_Imp/ros2_foxy/src/detector/src/detector_node.cpp:13:76:[m[K [01;31m[Kerror: [m[Kno matching function for call to â€˜[01m[KDetectorPublisherNode::create_publisher<<expression error> >(const char [9], int)[m[Kâ€™
[2.286s]    13 |         publisher_ = create_publisher<std_msgs::msg::string>("detector", 10[01;31m[K)[m[K;
[2.286s]       |                                                                            [01;31m[K^[m[K
[2.287s] In file included from [01m[K/opt/ros/foxy/include/rclcpp/executors/single_threaded_executor.hpp:28[m[K,
[2.287s]                  from [01m[K/opt/ros/foxy/include/rclcpp/executors.hpp:22[m[K,
[2.287s]                  from [01m[K/opt/ros/foxy/include/rclcpp/rclcpp.hpp:146[m[K,
[2.287s]                  from [01m[K/home/roboboat/RoboBoat_Cyber_Minority/ROS2_Imp/ros2_foxy/src/detector/src/detector_node.cpp:1[m[K:
[2.288s] [01m[K/opt/ros/foxy/include/rclcpp/node.hpp:184:3:[m[K [01;36m[Knote: [m[Kcandidate: â€˜[01m[Ktemplate<class MessageT, class AllocatorT, class PublisherT> std::shared_ptr<PublisherT> rclcpp::Node::create_publisher(const string&, const rclcpp::QoS&, const rclcpp::PublisherOptionsWithAllocator<AllocatorT>&)[m[Kâ€™
[2.288s]   184 |   [01;36m[Kcreate_publisher[m[K(
[2.288s]       |   [01;36m[K^~~~~~~~~~~~~~~~[m[K
[2.288s] [01m[K/opt/ros/foxy/include/rclcpp/node.hpp:184:3:[m[K [01;36m[Knote: [m[K  template argument deduction/substitution failed:
[2.288s] [01m[K/home/roboboat/RoboBoat_Cyber_Minority/ROS2_Imp/ros2_foxy/src/detector/src/detector_node.cpp:13:76:[m[K [01;31m[Kerror: [m[Ktemplate argument 1 is invalid
[2.289s]    13 |         publisher_ = create_publisher<std_msgs::msg::string>("detector", 10[01;31m[K)[m[K;
[2.289s]       |                                                                            [01;31m[K^[m[K
[2.303s] [01m[K/home/roboboat/RoboBoat_Cyber_Minority/ROS2_Imp/ros2_foxy/src/detector/src/detector_node.cpp:[m[K In member function â€˜[01m[Kvoid DetectorPublisherNode::publishDetectorData()[m[Kâ€™:
[2.303s] [01m[K/home/roboboat/RoboBoat_Cyber_Minority/ROS2_Imp/ros2_foxy/src/detector/src/detector_node.cpp:20:24:[m[K [01;31m[Kerror: [m[Kâ€˜[01m[Kstring[m[Kâ€™ is not a member of â€˜[01m[Kstd_msgs::msg[m[Kâ€™; did you mean â€˜[01m[KString[m[Kâ€™?
[2.303s]    20 |         std_msgs::msg::[01;31m[Kstring[m[K msg;
[2.304s]       |                        [01;31m[K^~~~~~[m[K
[2.305s]       |                        [32m[KString[m[K
[2.305s] [01m[K/home/roboboat/RoboBoat_Cyber_Minority/ROS2_Imp/ros2_foxy/src/detector/src/detector_node.cpp:21:9:[m[K [01;31m[Kerror: [m[Kâ€˜[01m[Kmsg[m[Kâ€™ was not declared in this scope
[2.305s]    21 |         [01;31m[Kmsg[m[K.data = data;
[2.305s]       |         [01;31m[K^~~[m[K
[2.305s] [01m[K/home/roboboat/RoboBoat_Cyber_Minority/ROS2_Imp/ros2_foxy/src/detector/src/detector_node.cpp:21:9:[m[K [01;36m[Knote: [m[Ksuggested alternatives:
[2.306s] In file included from [01m[K/opt/ros/foxy/include/builtin_interfaces/msg/duration.hpp:7[m[K,
[2.306s]                  from [01m[K/opt/ros/foxy/include/rclcpp/duration.hpp:20[m[K,
[2.306s]                  from [01m[K/opt/ros/foxy/include/rclcpp/qos.hpp:20[m[K,
[2.306s]                  from [01m[K/opt/ros/foxy/include/rclcpp/node_interfaces/node_graph_interface.hpp:31[m[K,
[2.307s]                  from [01m[K/opt/ros/foxy/include/rclcpp/client.hpp:34[m[K,
[2.307s]                  from [01m[K/opt/ros/foxy/include/rclcpp/callback_group.hpp:23[m[K,
[2.307s]                  from [01m[K/opt/ros/foxy/include/rclcpp/any_executable.hpp:20[m[K,
[2.307s]                  from [01m[K/opt/ros/foxy/include/rclcpp/memory_strategy.hpp:24[m[K,
[2.307s]                  from [01m[K/opt/ros/foxy/include/rclcpp/memory_strategies.hpp:18[m[K,
[2.308s]                  from [01m[K/opt/ros/foxy/include/rclcpp/executor_options.hpp:20[m[K,
[2.308s]                  from [01m[K/opt/ros/foxy/include/rclcpp/executor.hpp:33[m[K,
[2.309s]                  from [01m[K/opt/ros/foxy/include/rclcpp/executors/multi_threaded_executor.hpp:26[m[K,
[2.309s]                  from [01m[K/opt/ros/foxy/include/rclcpp/executors.hpp:21[m[K,
[2.309s]                  from [01m[K/opt/ros/foxy/include/rclcpp/rclcpp.hpp:146[m[K,
[2.309s]                  from [01m[K/home/roboboat/RoboBoat_Cyber_Minority/ROS2_Imp/ros2_foxy/src/detector/src/detector_node.cpp:1[m[K:
[2.310s] [01m[K/opt/ros/foxy/include/builtin_interfaces/msg/detail/duration__struct.hpp:26:11:[m[K [01;36m[Knote: [m[K  â€˜[01m[Kbuiltin_interfaces::msg[m[Kâ€™
[2.310s]    26 | namespace [01;36m[Kmsg[m[K
[2.310s]       |           [01;36m[K^~~[m[K
[2.310s] In file included from [01m[K/opt/ros/foxy/include/statistics_msgs/msg/detail/metrics_message__struct.hpp:22[m[K,
[2.310s]                  from [01m[K/opt/ros/foxy/include/statistics_msgs/msg/metrics_message.hpp:7[m[K,
[2.311s]                  from [01m[K/opt/ros/foxy/include/libstatistics_collector/collector/generate_statistics_message.hpp:21[m[K,
[2.311s]                  from [01m[K/opt/ros/foxy/include/rclcpp/topic_statistics/subscription_topic_statistics.hpp:23[m[K,
[2.311s]                  from [01m[K/opt/ros/foxy/include/rclcpp/subscription.hpp:50[m[K,
[2.311s]                  from [01m[K/opt/ros/foxy/include/rclcpp/any_executable.hpp:25[m[K,
[2.312s]                  from [01m[K/opt/ros/foxy/include/rclcpp/memory_strategy.hpp:24[m[K,
[2.312s]                  from [01m[K/opt/ros/foxy/include/rclcpp/memory_strategies.hpp:18[m[K,
[2.312s]                  from [01m[K/opt/ros/foxy/include/rclcpp/executor_options.hpp:20[m[K,
[2.312s]                  from [01m[K/opt/ros/foxy/include/rclcpp/executor.hpp:33[m[K,
[2.312s]                  from [01m[K/opt/ros/foxy/include/rclcpp/executors/multi_threaded_executor.hpp:26[m[K,
[2.313s]                  from [01m[K/opt/ros/foxy/include/rclcpp/executors.hpp:21[m[K,
[2.313s]                  from [01m[K/opt/ros/foxy/include/rclcpp/rclcpp.hpp:146[m[K,
[2.313s]                  from [01m[K/home/roboboat/RoboBoat_Cyber_Minority/ROS2_Imp/ros2_foxy/src/detector/src/detector_node.cpp:1[m[K:
[2.313s] [01m[K/opt/ros/foxy/include/statistics_msgs/msg/detail/statistic_data_point__struct.hpp:26:11:[m[K [01;36m[Knote: [m[K  â€˜[01m[Kstatistics_msgs::msg[m[Kâ€™
[2.313s]    26 | namespace [01;36m[Kmsg[m[K
[2.314s]       |           [01;36m[K^~~[m[K
[2.314s] In file included from [01m[K/opt/ros/foxy/include/rcl_interfaces/msg/list_parameters_result.hpp:7[m[K,
[2.314s]                  from [01m[K/opt/ros/foxy/include/rclcpp/node.hpp:34[m[K,
[2.314s]                  from [01m[K/opt/ros/foxy/include/rclcpp/executors/single_threaded_executor.hpp:28[m[K,
[2.315s]                  from [01m[K/opt/ros/foxy/include/rclcpp/executors.hpp:22[m[K,
[2.315s]                  from [01m[K/opt/ros/foxy/include/rclcpp/rclcpp.hpp:146[m[K,
[2.315s]                  from [01m[K/home/roboboat/RoboBoat_Cyber_Minority/ROS2_Imp/ros2_foxy/src/detector/src/detector_node.cpp:1[m[K:
[2.315s] [01m[K/opt/ros/foxy/include/rcl_interfaces/msg/detail/list_parameters_result__struct.hpp:26:11:[m[K [01;36m[Knote: [m[K  â€˜[01m[Krcl_interfaces::msg[m[Kâ€™
[2.315s]    26 | namespace [01;36m[Kmsg[m[K
[2.316s]       |           [01;36m[K^~~[m[K
[2.316s] In file included from [01m[K/opt/ros/foxy/include/std_msgs/msg/string.hpp:7[m[K,
[2.316s]                  from [01m[K/home/roboboat/RoboBoat_Cyber_Minority/ROS2_Imp/ros2_foxy/src/detector/src/detector_node.cpp:2[m[K:
[2.316s] [01m[K/opt/ros/foxy/include/std_msgs/msg/detail/string__struct.hpp:26:11:[m[K [01;36m[Knote: [m[K  â€˜[01m[Kstd_msgs::msg[m[Kâ€™
[2.316s]    26 | namespace [01;36m[Kmsg[m[K
[2.317s]       |           [01;36m[K^~~[m[K
[2.317s] [01m[K/home/roboboat/RoboBoat_Cyber_Minority/ROS2_Imp/ros2_foxy/src/detector/src/detector_node.cpp:22:9:[m[K [01;31m[Kerror: [m[Kâ€˜[01m[Kpublisher_[m[Kâ€™ was not declared in this scope; did you mean â€˜[01m[Krcl_publisher_t[m[Kâ€™?
[2.317s]    22 |         [01;31m[Kpublisher_[m[K->publish(msg);
[2.317s]       |         [01;31m[K^~~~~~~~~~[m[K
[2.318s]       |         [32m[Krcl_publisher_t[m[K
[3.039s] make[2]: *** [CMakeFiles/detector_node.dir/build.make:63: CMakeFiles/detector_node.dir/src/detector_node.cpp.o] Error 1
[3.039s] make[1]: *** [CMakeFiles/Makefile2:155: CMakeFiles/detector_node.dir/all] Error 2
[3.040s] make: *** [Makefile:141: all] Error 2
[3.045s] Invoked command in '/home/roboboat/RoboBoat_Cyber_Minority/ROS2_Imp/ros2_foxy/src/detector/build/detector' returned '2': CMAKE_PREFIX_PATH=${CMAKE_PREFIX_PATH}:/home/roboboat/ros2_ws/install/Motorcontroller:/opt/ros/foxy /usr/bin/cmake --build /home/roboboat/RoboBoat_Cyber_Minority/ROS2_Imp/ros2_foxy/src/detector/build/detector -- -j12 -l12
