[0.393s] Invoking command in '/home/roboboat/RoboBoat_Cyber_Minority/ROS2_Imp/ros2_foxy/src/build/detector': CMAKE_PREFIX_PATH=${CMAKE_PREFIX_PATH}:/opt/ros/foxy /usr/bin/cmake --build /home/roboboat/RoboBoat_Cyber_Minority/ROS2_Imp/ros2_foxy/src/build/detector -- -j12 -l12
[0.684s] -- Found ament_cmake: 0.9.12 (/opt/ros/foxy/share/ament_cmake/cmake)
[0.734s] -- Found PythonInterp: /usr/bin/python3 (found suitable version "3.8.10", minimum required is "3") 
[0.734s] -- Using PYTHON_EXECUTABLE: /usr/bin/python3
[1.217s] -- Found rclcpp: 2.4.3 (/opt/ros/foxy/share/rclcpp/cmake)
[1.293s] -- Using all available rosidl_typesupport_c: rosidl_typesupport_fastrtps_c;rosidl_typesupport_introspection_c
[1.301s] -- Found rosidl_adapter: 1.3.1 (/opt/ros/foxy/share/rosidl_adapter/cmake)
[1.526s] -- Using all available rosidl_typesupport_cpp: rosidl_typesupport_fastrtps_cpp;rosidl_typesupport_introspection_cpp
[1.627s] -- Found rmw_implementation_cmake: 1.0.4 (/opt/ros/foxy/share/rmw_implementation_cmake/cmake)
[1.631s] -- Using RMW implementation 'rmw_fastrtps_cpp' as default
[1.923s] -- Found rosidl_default_generators: 1.0.1 (/opt/ros/foxy/share/rosidl_default_generators/cmake)
[1.940s] -- Found main_control: 0.0.0 (/home/roboboat/RoboBoat_Cyber_Minority/ROS2_Imp/ros2_foxy/install/main_control/share/main_control/cmake)
[1.995s] -- Found PythonInterp: /usr/bin/python3 (found version "3.8.10") 
[2.214s] -- Found ament_cmake_ros: 0.9.2 (/opt/ros/foxy/share/ament_cmake_ros/cmake)
[2.376s] -- Using all available rosidl_typesupport_c: rosidl_typesupport_fastrtps_c;rosidl_typesupport_introspection_c
[2.393s] -- Using all available rosidl_typesupport_cpp: rosidl_typesupport_fastrtps_cpp;rosidl_typesupport_introspection_cpp
[2.434s] -- Found PythonInterp: /usr/bin/python3 (found suitable version "3.8.10", minimum required is "3.5") 
[2.452s] -- Found python_cmake_module: 0.8.1 (/opt/ros/foxy/share/python_cmake_module/cmake)
[2.489s] -- Using PYTHON_EXECUTABLE: /usr/bin/python3
[2.490s] -- Using PYTHON_INCLUDE_DIRS: /usr/include/python3.8
[2.490s] -- Using PYTHON_LIBRARIES: /usr/lib/aarch64-linux-gnu/libpython3.8.so
[2.520s] -- Found ament_lint_auto: 0.9.8 (/opt/ros/foxy/share/ament_lint_auto/cmake)
[2.550s] -- Configuring done
[2.653s] -- Generating done
[2.659s] -- Build files have been written to: /home/roboboat/RoboBoat_Cyber_Minority/ROS2_Imp/ros2_foxy/src/build/detector
[2.734s] [35m[1mScanning dependencies of target detector_node[0m
[2.734s] [  9%] Built target detector__rosidl_generator_c
[2.735s] [ 12%] Built target detector__cpp
[2.798s] [ 15%] [32mBuilding CXX object CMakeFiles/detector_node.dir/src/detector_node.cpp.o[0m
[2.800s] [ 45%] Built target detector__rosidl_typesupport_cpp
[2.801s] [ 51%] Built target detector__rosidl_typesupport_c
[2.801s] [ 51%] Built target detector__rosidl_typesupport_introspection_c
[2.801s] [ 51%] Built target detector__rosidl_typesupport_introspection_cpp
[2.806s] [ 60%] Built target detector__rosidl_typesupport_fastrtps_cpp
[2.849s] [ 69%] Built target detector__rosidl_typesupport_fastrtps_c
[2.881s] [ 69%] Built target detector
[2.914s] [ 72%] Built target detector__py
[2.936s] [35m[1mScanning dependencies of target detector__python[0m
[2.993s] [ 75%] [32mBuilding C object CMakeFiles/detector__python.dir/rosidl_generator_py/detector/msg/_my_custom_msg_detector_s.c.o[0m
[3.143s] [01m[K/home/roboboat/RoboBoat_Cyber_Minority/ROS2_Imp/ros2_foxy/src/detector/src/detector_node.cpp:11:10:[m[K [01;31m[Kfatal error: [m[Kdetector/msg/my_custom_msg_detector.hpp: No such file or directory
[3.143s]    11 | #include [01;31m[K"detector/msg/my_custom_msg_detector.hpp"[m[K
[3.143s]       |          [01;31m[K^~~~~~~~~~~~~~~~~~~~~~~~~~~~~~~~~~~~~~~~~[m[K
[3.143s] compilation terminated.
[3.146s] make[2]: *** [CMakeFiles/detector_node.dir/build.make:63: CMakeFiles/detector_node.dir/src/detector_node.cpp.o] Error 1
[3.147s] make[1]: *** [CMakeFiles/Makefile2:263: CMakeFiles/detector_node.dir/all] Error 2
[3.147s] make[1]: *** Waiting for unfinished jobs....
[3.190s] [ 78%] [32m[1mLinking C shared library rosidl_generator_py/detector/libdetector__python.so[0m
[3.254s] [ 78%] Built target detector__python
[3.258s] make: *** [Makefile:141: all] Error 2
