[0.096s] Invoking command in '/home/roboboat/RoboBoat_Cyber_Minority/ROS2_Imp/ros2_foxy/src/detector/build/detector': CMAKE_PREFIX_PATH=${CMAKE_PREFIX_PATH}:/home/roboboat/ros2_ws/install/Motorcontroller:/opt/ros/foxy /usr/bin/cmake --build /home/roboboat/RoboBoat_Cyber_Minority/ROS2_Imp/ros2_foxy/src/detector/build/detector -- -j12 -l12
[0.184s] [  9%] Built target detector__cpp
[0.184s] [ 12%] Built target detector__rosidl_generator_c
[0.191s] [ 15%] [32mBuilding CXX object CMakeFiles/detector_node.dir/src/detector_node.cpp.o[0m
[0.221s] [ 33%] Built target detector__rosidl_typesupport_introspection_cpp
[0.222s] [ 33%] Built target detector__rosidl_typesupport_cpp
[0.224s] [ 42%] Built target detector__rosidl_typesupport_fastrtps_cpp
[0.239s] [ 48%] [34m[1mGenerating C type support dispatch for ROS interfaces[0m
[0.239s] [ 48%] [34m[1mGenerating C introspection for ROS interfaces[0m
[0.240s] [ 51%] [34m[1mGenerating C type support for eProsima Fast-RTPS[0m
[0.330s] [01m[K/home/roboboat/RoboBoat_Cyber_Minority/ROS2_Imp/ros2_foxy/src/detector/src/detector_node.cpp:3:10:[m[K [01;31m[Kfatal error: [m[Kdetector/msg/YOLOv5helper.msg: No such file or directory
[0.330s]     3 | #include [01;31m[K"detector/msg/YOLOv5helper.msg"[m[K
[0.330s]       |          [01;31m[K^~~~~~~~~~~~~~~~~~~~~~~~~~~~~~~[m[K
[0.330s] compilation terminated.
[0.341s] make[2]: *** [CMakeFiles/detector_node.dir/build.make:63: CMakeFiles/detector_node.dir/src/detector_node.cpp.o] Error 1
[0.342s] make[1]: *** [CMakeFiles/Makefile2:155: CMakeFiles/detector_node.dir/all] Error 2
[0.342s] make[1]: *** Waiting for unfinished jobs....
[0.544s] [35m[1mScanning dependencies of target detector__rosidl_typesupport_c[0m
[0.568s] [ 54%] [32mBuilding CXX object CMakeFiles/detector__rosidl_typesupport_c.dir/rosidl_typesupport_c/detector/msg/yol_ov5helper__type_support.cpp.o[0m
[0.579s] [35m[1mScanning dependencies of target detector__rosidl_typesupport_fastrtps_c[0m
[0.589s] [35m[1mScanning dependencies of target detector__rosidl_typesupport_introspection_c[0m
[0.610s] [ 60%] [32mBuilding CXX object CMakeFiles/detector__rosidl_typesupport_fastrtps_c.dir/rosidl_typesupport_fastrtps_c/detector/msg/detail/yol_ov5helper__type_support_c.cpp.o[0m
[0.610s] [ 60%] [32mBuilding C object CMakeFiles/detector__rosidl_typesupport_introspection_c.dir/rosidl_typesupport_introspection_c/detector/msg/detail/yol_ov5helper__type_support.c.o[0m
[0.617s] [ 63%] [32m[1mLinking CXX shared library libdetector__rosidl_typesupport_c.so[0m
[0.665s] [ 66%] [32m[1mLinking C shared library libdetector__rosidl_typesupport_introspection_c.so[0m
[0.673s] [ 66%] Built target detector__rosidl_typesupport_c
[0.709s] [ 66%] Built target detector__rosidl_typesupport_introspection_c
[1.166s] [ 69%] [32m[1mLinking CXX shared library libdetector__rosidl_typesupport_fastrtps_c.so[0m
[1.295s] [ 69%] Built target detector__rosidl_typesupport_fastrtps_c
[1.298s] make: *** [Makefile:141: all] Error 2
[1.303s] Invoked command in '/home/roboboat/RoboBoat_Cyber_Minority/ROS2_Imp/ros2_foxy/src/detector/build/detector' returned '2': CMAKE_PREFIX_PATH=${CMAKE_PREFIX_PATH}:/home/roboboat/ros2_ws/install/Motorcontroller:/opt/ros/foxy /usr/bin/cmake --build /home/roboboat/RoboBoat_Cyber_Minority/ROS2_Imp/ros2_foxy/src/detector/build/detector -- -j12 -l12
