[0.094s] Invoking command in '/home/roboboat/RoboBoat_Cyber_Minority/ROS2_Imp/ros2_foxy/src/detector/build/detector': CMAKE_PREFIX_PATH=${CMAKE_PREFIX_PATH}:/home/roboboat/ros2_ws/install/Motorcontroller:/opt/ros/foxy /usr/bin/cmake --build /home/roboboat/RoboBoat_Cyber_Minority/ROS2_Imp/ros2_foxy/src/detector/build/detector -- -j12 -l12
[0.163s] [35m[1mScanning dependencies of target detector_node[0m
[0.207s] [ 50%] [32mBuilding CXX object CMakeFiles/detector_node.dir/src/detector_node.cpp.o[0m
[2.186s] [01m[K/home/roboboat/RoboBoat_Cyber_Minority/ROS2_Imp/ros2_foxy/src/detector/src/detector_node.cpp:[m[K In constructor â€˜[01m[KDetectorPublisherNode::DetectorPublisherNode()[m[Kâ€™:
[2.187s] [01m[K/home/roboboat/RoboBoat_Cyber_Minority/ROS2_Imp/ros2_foxy/src/detector/src/detector_node.cpp:13:13:[m[K [01;31m[Kerror: [m[Kunable to find numeric literal operator â€˜[01m[Koperator""ms[m[Kâ€™
[2.187s]    13 |             [01;31m[K1000ms[m[K,
[2.187s]       |             [01;31m[K^~~~~~[m[K
[2.187s] [01m[K/home/roboboat/RoboBoat_Cyber_Minority/ROS2_Imp/ros2_foxy/src/detector/src/detector_node.cpp:14:24:[m[K [01;31m[Kerror: [m[Kâ€˜[01m[KCppPublisherNode[m[Kâ€™ has not been declared
[2.188s]    14 |             std::bind(&[01;31m[KCppPublisherNode[m[K::publishDetectorData, this)
[2.188s]       |                        [01;31m[K^~~~~~~~~~~~~~~~[m[K
[3.658s] make[2]: *** [CMakeFiles/detector_node.dir/build.make:63: CMakeFiles/detector_node.dir/src/detector_node.cpp.o] Error 1
[3.658s] make[1]: *** [CMakeFiles/Makefile2:78: CMakeFiles/detector_node.dir/all] Error 2
[3.658s] make: *** [Makefile:141: all] Error 2
[3.663s] Invoked command in '/home/roboboat/RoboBoat_Cyber_Minority/ROS2_Imp/ros2_foxy/src/detector/build/detector' returned '2': CMAKE_PREFIX_PATH=${CMAKE_PREFIX_PATH}:/home/roboboat/ros2_ws/install/Motorcontroller:/opt/ros/foxy /usr/bin/cmake --build /home/roboboat/RoboBoat_Cyber_Minority/ROS2_Imp/ros2_foxy/src/detector/build/detector -- -j12 -l12
